=2025-10-08 20:39:51 [main] INFO  - Starting Execution for Test=> demoqa-automation-25
=2025-10-08 20:40:00 [main] INFO  - Opening the browser - Chrome
=2025-10-08 20:41:00 [main] INFO  - Clicked on elements.
=2025-10-08 20:51:53 [main] INFO  - Starting Execution for Test=> demoqa-automation-25
=2025-10-08 20:51:56 [main] INFO  - Opening the browser - Chrome
=2025-10-08 20:52:08 [main] INFO  - Clicked on elements.
=2025-10-08 21:02:08 [main] INFO  - Starting Execution for Test=> demoqa-automation-25
=2025-10-08 21:03:00 [main] INFO  - Starting Execution for Test=> demoqa-automation-25
=2025-10-08 21:03:24 [main] INFO  - Starting Execution for Test=> demoqa-automation-25
=2025-10-08 21:03:27 [main] INFO  - Opening the browser - Chrome
=2025-10-08 21:03:54 [main] INFO  - Clicked on elements.
=2025-10-08 21:14:13 [main] INFO  - Starting Execution for Test=> demoqa-automation-25
=2025-10-08 21:14:16 [main] INFO  - Opening the browser - Chrome
=2025-10-08 21:14:27 [main] ERROR - Failed to click on elements.
org.openqa.selenium.NoSuchWindowException: no such window: target window already closed
from unknown error: web view not found
  (Session info: chrome=141.0.7390.54)
Build info: version: '4.34.0', revision: '707dcb4246*'
System info: os.name: 'Windows 11', os.arch: 'amd64', os.version: '10.0', java.version: '21.0.6'
Driver info: org.openqa.selenium.chrome.ChromeDriver
Command: [772a33a9799b15400a0625e46fa5bdde, findElement {value=//div[@class='card-body']//h5[text()='Elements'], using=xpath}]
Capabilities {acceptInsecureCerts: false, browserName: chrome, browserVersion: 141.0.7390.54, chrome: {chromedriverVersion: 141.0.7390.65 (b2ec783d2b51..., userDataDir: C:\Users\nurul\AppData\Loca...}, fedcm:accounts: true, goog:chromeOptions: {debuggerAddress: localhost:61831}, networkConnectionEnabled: false, pageLoadStrategy: normal, platformName: windows, proxy: Proxy(), se:cdp: ws://localhost:61831/devtoo..., se:cdpVersion: 141.0.7390.54, setWindowRect: true, strictFileInteractability: false, timeouts: {implicit: 0, pageLoad: 300000, script: 30000}, unhandledPromptBehavior: dismiss and notify, webauthn:extension:credBlob: true, webauthn:extension:largeBlob: true, webauthn:extension:minPinLength: true, webauthn:extension:prf: true, webauthn:virtualAuthenticators: true}
Session ID: 772a33a9799b15400a0625e46fa5bdde
	at java.base/jdk.internal.reflect.DirectConstructorHandleAccessor.newInstance(DirectConstructorHandleAccessor.java:62)
	at java.base/java.lang.reflect.Constructor.newInstanceWithCaller(Constructor.java:502)
	at java.base/java.lang.reflect.Constructor.newInstance(Constructor.java:486)
	at org.openqa.selenium.remote.ErrorCodec.decode(ErrorCodec.java:167)
	at org.openqa.selenium.remote.codec.w3c.W3CHttpResponseCodec.decode(W3CHttpResponseCodec.java:138)
	at org.openqa.selenium.remote.codec.w3c.W3CHttpResponseCodec.decode(W3CHttpResponseCodec.java:50)
	at org.openqa.selenium.remote.HttpCommandExecutor.execute(HttpCommandExecutor.java:215)
	at org.openqa.selenium.remote.service.DriverCommandExecutor.invokeExecute(DriverCommandExecutor.java:216)
	at org.openqa.selenium.remote.service.DriverCommandExecutor.execute(DriverCommandExecutor.java:174)
	at org.openqa.selenium.remote.RemoteWebDriver.execute(RemoteWebDriver.java:544)
	at org.openqa.selenium.remote.ElementLocation$ElementFinder$2.findElement(ElementLocation.java:165)
	at org.openqa.selenium.remote.ElementLocation.findElement(ElementLocation.java:59)
	at org.openqa.selenium.remote.RemoteWebDriver.findElement(RemoteWebDriver.java:367)
	at org.openqa.selenium.remote.RemoteWebDriver.findElement(RemoteWebDriver.java:361)
	at org.openqa.selenium.support.pagefactory.DefaultElementLocator.findElement(DefaultElementLocator.java:68)
	at org.openqa.selenium.support.pagefactory.internal.LocatingElementHandler.invoke(LocatingElementHandler.java:38)
	at jdk.proxy2/jdk.proxy2.$Proxy29.toString(Unknown Source)
	at java.base/java.lang.String.valueOf(String.java:4465)
	at org.openqa.selenium.support.ui.ExpectedConditions$23.toString(ExpectedConditions.java:669)
	at java.base/java.lang.String.valueOf(String.java:4465)
	at org.openqa.selenium.support.ui.FluentWait.until(FluentWait.java:225)
	at com.demoqa.utils.CustomWait.waitForElementToBeClickable(CustomWait.java:33)
	at com.demoqa.pages.HomePage.getElements(HomePage.java:28)
	at com.demoqa.pages.HomePage.clickOnElements(HomePage.java:35)
	at com.demoqa.tests.elements.TextBoxPageTest.setUpPage(TextBoxPageTest.java:12)
	at java.base/jdk.internal.reflect.DirectMethodHandleAccessor.invoke(DirectMethodHandleAccessor.java:103)
	at java.base/java.lang.reflect.Method.invoke(Method.java:580)
	at org.testng.internal.invokers.MethodInvocationHelper.invokeMethod(MethodInvocationHelper.java:141)
	at org.testng.internal.invokers.MethodInvocationHelper.invokeMethodConsideringTimeout(MethodInvocationHelper.java:71)
	at org.testng.internal.invokers.ConfigInvoker.invokeConfigurationMethod(ConfigInvoker.java:400)
	at org.testng.internal.invokers.ConfigInvoker.invokeConfigurations(ConfigInvoker.java:333)
	at org.testng.internal.invokers.TestInvoker.runConfigMethods(TestInvoker.java:836)
	at org.testng.internal.invokers.TestInvoker.invokeMethod(TestInvoker.java:601)
	at org.testng.internal.invokers.TestInvoker.invokeTestMethod(TestInvoker.java:230)
	at org.testng.internal.invokers.MethodRunner.runInSequence(MethodRunner.java:63)
	at org.testng.internal.invokers.TestInvoker$MethodInvocationAgent.invoke(TestInvoker.java:995)
	at org.testng.internal.invokers.TestInvoker.invokeTestMethods(TestInvoker.java:203)
	at org.testng.internal.invokers.TestMethodWorker.invokeTestMethods(TestMethodWorker.java:154)
	at org.testng.internal.invokers.TestMethodWorker.run(TestMethodWorker.java:134)
	at java.base/java.util.ArrayList.forEach(ArrayList.java:1596)
	at org.testng.TestRunner.privateRun(TestRunner.java:741)
	at org.testng.TestRunner.run(TestRunner.java:616)
	at org.testng.SuiteRunner.runTest(SuiteRunner.java:421)
	at org.testng.SuiteRunner.runSequentially(SuiteRunner.java:413)
	at org.testng.SuiteRunner.privateRun(SuiteRunner.java:373)
	at org.testng.SuiteRunner.run(SuiteRunner.java:312)
	at org.testng.SuiteRunnerWorker.runSuite(SuiteRunnerWorker.java:52)
	at org.testng.SuiteRunnerWorker.run(SuiteRunnerWorker.java:95)
	at org.testng.TestNG.runSuitesSequentially(TestNG.java:1274)
	at org.testng.TestNG.runSuitesLocally(TestNG.java:1208)
	at org.testng.TestNG.runSuites(TestNG.java:1112)
	at org.testng.TestNG.run(TestNG.java:1079)
	at com.intellij.rt.testng.IDEARemoteTestNG.run(IDEARemoteTestNG.java:65)
	at com.intellij.rt.testng.RemoteTestNGStarter.main(RemoteTestNGStarter.java:105)
=2025-10-08 21:21:23 [main] INFO  - Starting Execution for Test=> demoqa-automation-25
=2025-10-08 21:21:26 [main] INFO  - Opening the browser - Chrome
=2025-10-08 21:21:27 [main] ERROR - Failed to click on elements.
org.openqa.selenium.NoSuchSessionException: invalid session id: session deleted as the browser has closed the connection
from disconnected: not connected to DevTools
  (Session info: chrome=141.0.7390.54)
Build info: version: '4.34.0', revision: '707dcb4246*'
System info: os.name: 'Windows 11', os.arch: 'amd64', os.version: '10.0', java.version: '21.0.6'
Driver info: org.openqa.selenium.chrome.ChromeDriver
Command: [e211eac408dd5a6df921b59a946807d3, findElement {value=//div[@class='card-body']//h5[text()='Elements'], using=xpath}]
Capabilities {acceptInsecureCerts: false, browserName: chrome, browserVersion: 141.0.7390.54, chrome: {chromedriverVersion: 141.0.7390.65 (b2ec783d2b51..., userDataDir: C:\Users\nurul\AppData\Loca...}, fedcm:accounts: true, goog:chromeOptions: {debuggerAddress: localhost:52005}, networkConnectionEnabled: false, pageLoadStrategy: normal, platformName: windows, proxy: Proxy(), se:cdp: ws://localhost:52005/devtoo..., se:cdpVersion: 141.0.7390.54, setWindowRect: true, strictFileInteractability: false, timeouts: {implicit: 0, pageLoad: 300000, script: 30000}, unhandledPromptBehavior: dismiss and notify, webauthn:extension:credBlob: true, webauthn:extension:largeBlob: true, webauthn:extension:minPinLength: true, webauthn:extension:prf: true, webauthn:virtualAuthenticators: true}
Session ID: e211eac408dd5a6df921b59a946807d3
	at java.base/jdk.internal.reflect.DirectConstructorHandleAccessor.newInstance(DirectConstructorHandleAccessor.java:62)
	at java.base/java.lang.reflect.Constructor.newInstanceWithCaller(Constructor.java:502)
	at java.base/java.lang.reflect.Constructor.newInstance(Constructor.java:486)
	at org.openqa.selenium.remote.ErrorCodec.decode(ErrorCodec.java:167)
	at org.openqa.selenium.remote.codec.w3c.W3CHttpResponseCodec.decode(W3CHttpResponseCodec.java:138)
	at org.openqa.selenium.remote.codec.w3c.W3CHttpResponseCodec.decode(W3CHttpResponseCodec.java:50)
	at org.openqa.selenium.remote.HttpCommandExecutor.execute(HttpCommandExecutor.java:215)
	at org.openqa.selenium.remote.service.DriverCommandExecutor.invokeExecute(DriverCommandExecutor.java:216)
	at org.openqa.selenium.remote.service.DriverCommandExecutor.execute(DriverCommandExecutor.java:174)
	at org.openqa.selenium.remote.RemoteWebDriver.execute(RemoteWebDriver.java:544)
	at org.openqa.selenium.remote.ElementLocation$ElementFinder$2.findElement(ElementLocation.java:165)
	at org.openqa.selenium.remote.ElementLocation.findElement(ElementLocation.java:59)
	at org.openqa.selenium.remote.RemoteWebDriver.findElement(RemoteWebDriver.java:367)
	at org.openqa.selenium.remote.RemoteWebDriver.findElement(RemoteWebDriver.java:361)
	at org.openqa.selenium.support.pagefactory.DefaultElementLocator.findElement(DefaultElementLocator.java:68)
	at org.openqa.selenium.support.pagefactory.internal.LocatingElementHandler.invoke(LocatingElementHandler.java:38)
	at jdk.proxy2/jdk.proxy2.$Proxy29.isDisplayed(Unknown Source)
	at org.openqa.selenium.support.ui.ExpectedConditions.elementIfVisible(ExpectedConditions.java:304)
	at org.openqa.selenium.support.ui.ExpectedConditions$10.apply(ExpectedConditions.java:290)
	at org.openqa.selenium.support.ui.ExpectedConditions$10.apply(ExpectedConditions.java:287)
	at org.openqa.selenium.support.ui.ExpectedConditions$23.apply(ExpectedConditions.java:656)
	at org.openqa.selenium.support.ui.ExpectedConditions$23.apply(ExpectedConditions.java:652)
	at org.openqa.selenium.support.ui.FluentWait.until(FluentWait.java:203)
	at com.demoqa.utils.CustomWait.waitForElementToBeClickable(CustomWait.java:33)
	at com.demoqa.pages.HomePage.getElements(HomePage.java:28)
	at com.demoqa.pages.HomePage.clickOnElements(HomePage.java:35)
	at com.demoqa.tests.elements.TextBoxPageTest.setUpPage(TextBoxPageTest.java:12)
	at java.base/jdk.internal.reflect.DirectMethodHandleAccessor.invoke(DirectMethodHandleAccessor.java:103)
	at java.base/java.lang.reflect.Method.invoke(Method.java:580)
	at org.testng.internal.invokers.MethodInvocationHelper.invokeMethod(MethodInvocationHelper.java:141)
	at org.testng.internal.invokers.MethodInvocationHelper.invokeMethodConsideringTimeout(MethodInvocationHelper.java:71)
	at org.testng.internal.invokers.ConfigInvoker.invokeConfigurationMethod(ConfigInvoker.java:400)
	at org.testng.internal.invokers.ConfigInvoker.invokeConfigurations(ConfigInvoker.java:333)
	at org.testng.internal.invokers.TestInvoker.runConfigMethods(TestInvoker.java:836)
	at org.testng.internal.invokers.TestInvoker.invokeMethod(TestInvoker.java:601)
	at org.testng.internal.invokers.TestInvoker.invokeTestMethod(TestInvoker.java:230)
	at org.testng.internal.invokers.MethodRunner.runInSequence(MethodRunner.java:63)
	at org.testng.internal.invokers.TestInvoker$MethodInvocationAgent.invoke(TestInvoker.java:995)
	at org.testng.internal.invokers.TestInvoker.invokeTestMethods(TestInvoker.java:203)
	at org.testng.internal.invokers.TestMethodWorker.invokeTestMethods(TestMethodWorker.java:154)
	at org.testng.internal.invokers.TestMethodWorker.run(TestMethodWorker.java:134)
	at java.base/java.util.ArrayList.forEach(ArrayList.java:1596)
	at org.testng.TestRunner.privateRun(TestRunner.java:741)
	at org.testng.TestRunner.run(TestRunner.java:616)
	at org.testng.SuiteRunner.runTest(SuiteRunner.java:421)
	at org.testng.SuiteRunner.runSequentially(SuiteRunner.java:413)
	at org.testng.SuiteRunner.privateRun(SuiteRunner.java:373)
	at org.testng.SuiteRunner.run(SuiteRunner.java:312)
	at org.testng.SuiteRunnerWorker.runSuite(SuiteRunnerWorker.java:52)
	at org.testng.SuiteRunnerWorker.run(SuiteRunnerWorker.java:95)
	at org.testng.TestNG.runSuitesSequentially(TestNG.java:1274)
	at org.testng.TestNG.runSuitesLocally(TestNG.java:1208)
	at org.testng.TestNG.runSuites(TestNG.java:1112)
	at org.testng.TestNG.run(TestNG.java:1079)
	at com.intellij.rt.testng.IDEARemoteTestNG.run(IDEARemoteTestNG.java:65)
	at com.intellij.rt.testng.RemoteTestNGStarter.main(RemoteTestNGStarter.java:105)
=2025-10-08 21:23:21 [main] INFO  - Starting Execution for Test=> demoqa-automation-25
=2025-10-08 21:23:24 [main] INFO  - Opening the browser - Chrome
=2025-10-08 21:23:48 [main] ERROR - Failed to click on elements.
org.openqa.selenium.NoSuchWindowException: no such window: target window already closed
from unknown error: web view not found
  (Session info: chrome=141.0.7390.54)
Build info: version: '4.34.0', revision: '707dcb4246*'
System info: os.name: 'Windows 11', os.arch: 'amd64', os.version: '10.0', java.version: '21.0.6'
Driver info: org.openqa.selenium.chrome.ChromeDriver
Command: [feaa20933fc5dc611920779d7260ebb1, findElement {using=xpath, value=//div[@class='card-body']//h5[text()='Elements']}]
Capabilities {acceptInsecureCerts: false, browserName: chrome, browserVersion: 141.0.7390.54, chrome: {chromedriverVersion: 141.0.7390.65 (b2ec783d2b51..., userDataDir: C:\Users\nurul\AppData\Loca...}, fedcm:accounts: true, goog:chromeOptions: {debuggerAddress: localhost:49993}, networkConnectionEnabled: false, pageLoadStrategy: normal, platformName: windows, proxy: Proxy(), se:cdp: ws://localhost:49993/devtoo..., se:cdpVersion: 141.0.7390.54, setWindowRect: true, strictFileInteractability: false, timeouts: {implicit: 0, pageLoad: 300000, script: 30000}, unhandledPromptBehavior: dismiss and notify, webauthn:extension:credBlob: true, webauthn:extension:largeBlob: true, webauthn:extension:minPinLength: true, webauthn:extension:prf: true, webauthn:virtualAuthenticators: true}
Session ID: feaa20933fc5dc611920779d7260ebb1
	at java.base/jdk.internal.reflect.DirectConstructorHandleAccessor.newInstance(DirectConstructorHandleAccessor.java:62)
	at java.base/java.lang.reflect.Constructor.newInstanceWithCaller(Constructor.java:502)
	at java.base/java.lang.reflect.Constructor.newInstance(Constructor.java:486)
	at org.openqa.selenium.remote.ErrorCodec.decode(ErrorCodec.java:167)
	at org.openqa.selenium.remote.codec.w3c.W3CHttpResponseCodec.decode(W3CHttpResponseCodec.java:138)
	at org.openqa.selenium.remote.codec.w3c.W3CHttpResponseCodec.decode(W3CHttpResponseCodec.java:50)
	at org.openqa.selenium.remote.HttpCommandExecutor.execute(HttpCommandExecutor.java:215)
	at org.openqa.selenium.remote.service.DriverCommandExecutor.invokeExecute(DriverCommandExecutor.java:216)
	at org.openqa.selenium.remote.service.DriverCommandExecutor.execute(DriverCommandExecutor.java:174)
	at org.openqa.selenium.remote.RemoteWebDriver.execute(RemoteWebDriver.java:544)
	at org.openqa.selenium.remote.ElementLocation$ElementFinder$2.findElement(ElementLocation.java:165)
	at org.openqa.selenium.remote.ElementLocation.findElement(ElementLocation.java:59)
	at org.openqa.selenium.remote.RemoteWebDriver.findElement(RemoteWebDriver.java:367)
	at org.openqa.selenium.remote.RemoteWebDriver.findElement(RemoteWebDriver.java:361)
	at org.openqa.selenium.support.pagefactory.DefaultElementLocator.findElement(DefaultElementLocator.java:68)
	at org.openqa.selenium.support.pagefactory.internal.LocatingElementHandler.invoke(LocatingElementHandler.java:38)
	at jdk.proxy2/jdk.proxy2.$Proxy28.toString(Unknown Source)
	at java.base/java.lang.String.valueOf(String.java:4465)
	at org.openqa.selenium.support.ui.ExpectedConditions$23.toString(ExpectedConditions.java:669)
	at java.base/java.lang.String.valueOf(String.java:4465)
	at org.openqa.selenium.support.ui.FluentWait.until(FluentWait.java:225)
	at com.demoqa.utils.CustomWait.waitForElementToBeClickable(CustomWait.java:33)
	at com.demoqa.pages.HomePage.getElements(HomePage.java:28)
	at com.demoqa.pages.HomePage.clickOnElements(HomePage.java:35)
	at com.demoqa.tests.elements.TextBoxPageTest.setUpPage(TextBoxPageTest.java:12)
	at java.base/jdk.internal.reflect.DirectMethodHandleAccessor.invoke(DirectMethodHandleAccessor.java:103)
	at java.base/java.lang.reflect.Method.invoke(Method.java:580)
	at org.testng.internal.invokers.MethodInvocationHelper.invokeMethod(MethodInvocationHelper.java:141)
	at org.testng.internal.invokers.MethodInvocationHelper.invokeMethodConsideringTimeout(MethodInvocationHelper.java:71)
	at org.testng.internal.invokers.ConfigInvoker.invokeConfigurationMethod(ConfigInvoker.java:400)
	at org.testng.internal.invokers.ConfigInvoker.invokeConfigurations(ConfigInvoker.java:333)
	at org.testng.internal.invokers.TestInvoker.runConfigMethods(TestInvoker.java:836)
	at org.testng.internal.invokers.TestInvoker.invokeMethod(TestInvoker.java:601)
	at org.testng.internal.invokers.TestInvoker.invokeTestMethod(TestInvoker.java:230)
	at org.testng.internal.invokers.MethodRunner.runInSequence(MethodRunner.java:63)
	at org.testng.internal.invokers.TestInvoker$MethodInvocationAgent.invoke(TestInvoker.java:995)
	at org.testng.internal.invokers.TestInvoker.invokeTestMethods(TestInvoker.java:203)
	at org.testng.internal.invokers.TestMethodWorker.invokeTestMethods(TestMethodWorker.java:154)
	at org.testng.internal.invokers.TestMethodWorker.run(TestMethodWorker.java:134)
	at java.base/java.util.ArrayList.forEach(ArrayList.java:1596)
	at org.testng.TestRunner.privateRun(TestRunner.java:741)
	at org.testng.TestRunner.run(TestRunner.java:616)
	at org.testng.SuiteRunner.runTest(SuiteRunner.java:421)
	at org.testng.SuiteRunner.runSequentially(SuiteRunner.java:413)
	at org.testng.SuiteRunner.privateRun(SuiteRunner.java:373)
	at org.testng.SuiteRunner.run(SuiteRunner.java:312)
	at org.testng.SuiteRunnerWorker.runSuite(SuiteRunnerWorker.java:52)
	at org.testng.SuiteRunnerWorker.run(SuiteRunnerWorker.java:95)
	at org.testng.TestNG.runSuitesSequentially(TestNG.java:1274)
	at org.testng.TestNG.runSuitesLocally(TestNG.java:1208)
	at org.testng.TestNG.runSuites(TestNG.java:1112)
	at org.testng.TestNG.run(TestNG.java:1079)
	at com.intellij.rt.testng.IDEARemoteTestNG.run(IDEARemoteTestNG.java:65)
	at com.intellij.rt.testng.RemoteTestNGStarter.main(RemoteTestNGStarter.java:105)
=2025-10-08 21:27:05 [main] INFO  - Starting Execution for Test=> demoqa-automation-25
=2025-10-08 21:27:07 [main] INFO  - Opening the browser - Chrome
=2025-10-08 21:27:08 [main] ERROR - Failed to click on elements.
org.openqa.selenium.WebDriverException: target frame detached
  (failed to check if window was closed: disconnected: Unable to receive message from renderer)
  (Session info: chrome=141.0.7390.54)
Build info: version: '4.34.0', revision: '707dcb4246*'
System info: os.name: 'Windows 11', os.arch: 'amd64', os.version: '10.0', java.version: '21.0.6'
Driver info: org.openqa.selenium.chrome.ChromeDriver
Command: [879f481d4105d8576f93e2e7737f61b5, findElement {value=//div[@class='card-body']//h5[text()='Elements'], using=xpath}]
Capabilities {acceptInsecureCerts: false, browserName: chrome, browserVersion: 141.0.7390.54, chrome: {chromedriverVersion: 141.0.7390.65 (b2ec783d2b51..., userDataDir: C:\Users\nurul\AppData\Loca...}, fedcm:accounts: true, goog:chromeOptions: {debuggerAddress: localhost:53401}, networkConnectionEnabled: false, pageLoadStrategy: normal, platformName: windows, proxy: Proxy(), se:cdp: ws://localhost:53401/devtoo..., se:cdpVersion: 141.0.7390.54, setWindowRect: true, strictFileInteractability: false, timeouts: {implicit: 0, pageLoad: 300000, script: 30000}, unhandledPromptBehavior: dismiss and notify, webauthn:extension:credBlob: true, webauthn:extension:largeBlob: true, webauthn:extension:minPinLength: true, webauthn:extension:prf: true, webauthn:virtualAuthenticators: true}
Session ID: 879f481d4105d8576f93e2e7737f61b5
	at java.base/jdk.internal.reflect.DirectConstructorHandleAccessor.newInstance(DirectConstructorHandleAccessor.java:62)
	at java.base/java.lang.reflect.Constructor.newInstanceWithCaller(Constructor.java:502)
	at java.base/java.lang.reflect.Constructor.newInstance(Constructor.java:486)
	at org.openqa.selenium.remote.ErrorCodec.decode(ErrorCodec.java:167)
	at org.openqa.selenium.remote.codec.w3c.W3CHttpResponseCodec.decode(W3CHttpResponseCodec.java:138)
	at org.openqa.selenium.remote.codec.w3c.W3CHttpResponseCodec.decode(W3CHttpResponseCodec.java:50)
	at org.openqa.selenium.remote.HttpCommandExecutor.execute(HttpCommandExecutor.java:215)
	at org.openqa.selenium.remote.service.DriverCommandExecutor.invokeExecute(DriverCommandExecutor.java:216)
	at org.openqa.selenium.remote.service.DriverCommandExecutor.execute(DriverCommandExecutor.java:174)
	at org.openqa.selenium.remote.RemoteWebDriver.execute(RemoteWebDriver.java:544)
	at org.openqa.selenium.remote.ElementLocation$ElementFinder$2.findElement(ElementLocation.java:165)
	at org.openqa.selenium.remote.ElementLocation.findElement(ElementLocation.java:59)
	at org.openqa.selenium.remote.RemoteWebDriver.findElement(RemoteWebDriver.java:367)
	at org.openqa.selenium.remote.RemoteWebDriver.findElement(RemoteWebDriver.java:361)
	at org.openqa.selenium.support.pagefactory.DefaultElementLocator.findElement(DefaultElementLocator.java:68)
	at org.openqa.selenium.support.pagefactory.internal.LocatingElementHandler.invoke(LocatingElementHandler.java:38)
	at jdk.proxy2/jdk.proxy2.$Proxy29.isDisplayed(Unknown Source)
	at org.openqa.selenium.support.ui.ExpectedConditions.elementIfVisible(ExpectedConditions.java:304)
	at org.openqa.selenium.support.ui.ExpectedConditions$10.apply(ExpectedConditions.java:290)
	at org.openqa.selenium.support.ui.ExpectedConditions$10.apply(ExpectedConditions.java:287)
	at org.openqa.selenium.support.ui.ExpectedConditions$23.apply(ExpectedConditions.java:656)
	at org.openqa.selenium.support.ui.ExpectedConditions$23.apply(ExpectedConditions.java:652)
	at org.openqa.selenium.support.ui.FluentWait.until(FluentWait.java:203)
	at com.demoqa.utils.CustomWait.waitForElementToBeClickable(CustomWait.java:33)
	at com.demoqa.pages.HomePage.getElements(HomePage.java:28)
	at com.demoqa.pages.HomePage.clickOnElements(HomePage.java:35)
	at com.demoqa.tests.elements.TextBoxPageTest.setUpPage(TextBoxPageTest.java:12)
	at java.base/jdk.internal.reflect.DirectMethodHandleAccessor.invoke(DirectMethodHandleAccessor.java:103)
	at java.base/java.lang.reflect.Method.invoke(Method.java:580)
	at org.testng.internal.invokers.MethodInvocationHelper.invokeMethod(MethodInvocationHelper.java:141)
	at org.testng.internal.invokers.MethodInvocationHelper.invokeMethodConsideringTimeout(MethodInvocationHelper.java:71)
	at org.testng.internal.invokers.ConfigInvoker.invokeConfigurationMethod(ConfigInvoker.java:400)
	at org.testng.internal.invokers.ConfigInvoker.invokeConfigurations(ConfigInvoker.java:333)
	at org.testng.internal.invokers.TestInvoker.runConfigMethods(TestInvoker.java:836)
	at org.testng.internal.invokers.TestInvoker.invokeMethod(TestInvoker.java:601)
	at org.testng.internal.invokers.TestInvoker.invokeTestMethod(TestInvoker.java:230)
	at org.testng.internal.invokers.MethodRunner.runInSequence(MethodRunner.java:63)
	at org.testng.internal.invokers.TestInvoker$MethodInvocationAgent.invoke(TestInvoker.java:995)
	at org.testng.internal.invokers.TestInvoker.invokeTestMethods(TestInvoker.java:203)
	at org.testng.internal.invokers.TestMethodWorker.invokeTestMethods(TestMethodWorker.java:154)
	at org.testng.internal.invokers.TestMethodWorker.run(TestMethodWorker.java:134)
	at java.base/java.util.ArrayList.forEach(ArrayList.java:1596)
	at org.testng.TestRunner.privateRun(TestRunner.java:741)
	at org.testng.TestRunner.run(TestRunner.java:616)
	at org.testng.SuiteRunner.runTest(SuiteRunner.java:421)
	at org.testng.SuiteRunner.runSequentially(SuiteRunner.java:413)
	at org.testng.SuiteRunner.privateRun(SuiteRunner.java:373)
	at org.testng.SuiteRunner.run(SuiteRunner.java:312)
	at org.testng.SuiteRunnerWorker.runSuite(SuiteRunnerWorker.java:52)
	at org.testng.SuiteRunnerWorker.run(SuiteRunnerWorker.java:95)
	at org.testng.TestNG.runSuitesSequentially(TestNG.java:1274)
	at org.testng.TestNG.runSuitesLocally(TestNG.java:1208)
	at org.testng.TestNG.runSuites(TestNG.java:1112)
	at org.testng.TestNG.run(TestNG.java:1079)
	at com.intellij.rt.testng.IDEARemoteTestNG.run(IDEARemoteTestNG.java:65)
	at com.intellij.rt.testng.RemoteTestNGStarter.main(RemoteTestNGStarter.java:105)
=2025-10-08 21:31:23 [main] INFO  - Starting Execution for Test Suite => Default Suite with Tag => 
=2025-10-08 21:31:23 [main] INFO  - Starting Execution for Test=> demoqa-automation-25
=2025-10-08 21:31:25 [main] INFO  - Opening the browser - Chrome
=2025-10-08 21:31:31 [main] INFO  - Clicked on elements.
=2025-10-08 21:31:32 [main] INFO  - Clicked on text box menu.
=2025-10-10 11:09:21 [main] INFO  - Starting Execution for Test Suite => Default Suite with Tag => 
=2025-10-10 11:09:21 [main] INFO  - Starting Execution for Test=> demoqa-automation-25
=2025-10-10 11:09:24 [main] INFO  - Opening the browser - Chrome
=2025-10-10 11:09:34 [main] INFO  - Clicked on elements.
=2025-10-10 11:09:34 [main] INFO  - Clicked on text box menu.
=2025-10-10 11:24:35 [main] INFO  - Starting Execution for Test Suite => Default Suite with Tag => 
=2025-10-10 11:24:36 [main] INFO  - Starting Execution for Test=> demoqa-automation-25
=2025-10-10 11:24:39 [main] INFO  - Opening the browser - Chrome
=2025-10-10 11:24:43 [main] INFO  - Clicked on elements.
=2025-10-10 11:24:43 [main] INFO  - Clicked on text box menu.
=2025-10-10 11:24:44 [main] INFO  - Closing the browser - Chrome
=2025-10-10 11:29:24 [main] INFO  - Starting Execution for Test Suite => Default Suite with Tag => 
=2025-10-10 11:29:24 [main] INFO  - Starting Execution for Test=> demoqa-automation-25
=2025-10-10 11:29:26 [main] INFO  - Opening the browser - Chrome
=2025-10-10 11:29:31 [main] INFO  - Clicked on elements.
=2025-10-10 11:29:31 [main] INFO  - Clicked on text box menu.
=2025-10-10 11:29:32 [main] INFO  - Closing the browser - Chrome
=2025-10-11 19:04:47 [main] INFO  - Starting Execution for Test Suite => Default Suite with Tag => 
=2025-10-11 19:04:47 [main] INFO  - Starting Execution for Test=> demoqa-automation-25
=2025-10-11 19:04:51 [main] INFO  - Opening the browser - Firefox
=2025-10-11 19:04:56 [main] INFO  - Clicked on elements.
=2025-10-11 19:04:56 [main] INFO  - Clicked on text box menu.
=2025-10-11 19:04:59 [main] INFO  - Enter a usernameNurul Arifin: 
=2025-10-11 19:04:59 [main] INFO  - Enter a emailarifin@gmail.com: 
=2025-10-11 19:04:59 [main] INFO  - Enter a current addressDsn. Ujung Blang, Ajee pagar air.: 
=2025-10-11 19:05:00 [main] INFO  - Enter a permanent addressJl. Kapten Yusuf No. 16: 
=2025-10-11 19:05:11 [main] INFO  - Closing the browser - Firefox
=2025-10-11 19:12:06 [main] INFO  - Starting Execution for Test Suite => Default Suite with Tag => 
=2025-10-11 19:12:06 [main] INFO  - Starting Execution for Test=> demoqa-automation-25
=2025-10-11 19:12:08 [main] INFO  - Opening the browser - Firefox
=2025-10-11 19:12:13 [main] INFO  - Clicked on elements.
=2025-10-11 19:12:13 [main] INFO  - Clicked on text box menu.
=2025-10-11 19:12:15 [main] INFO  - Enter a usernameNurul Arifin: 
=2025-10-11 19:12:15 [main] INFO  - Enter a emailarifin@gmail.com: 
=2025-10-11 19:12:15 [main] INFO  - Enter a current addressDsn. Ujung Blang, Ajee pagar air.: 
=2025-10-11 19:12:15 [main] INFO  - Enter a permanent addressJl. Kapten Yusuf No. 16: 
=2025-10-11 19:12:26 [main] INFO  - Closing the browser - Firefox
=2025-10-11 19:15:27 [main] INFO  - Starting Execution for Test Suite => Default Suite with Tag => 
=2025-10-11 19:15:27 [main] INFO  - Starting Execution for Test=> demoqa-automation-25
=2025-10-11 19:15:29 [main] INFO  - Opening the browser - Firefox
=2025-10-11 19:15:35 [main] INFO  - Clicked on elements.
=2025-10-11 19:15:35 [main] INFO  - Clicked on text box menu.
=2025-10-11 19:15:37 [main] INFO  - Enter a usernameNurul Arifin: 
=2025-10-11 19:15:37 [main] INFO  - Enter a emailarifin@gmail.com: 
=2025-10-11 19:15:38 [main] INFO  - Enter a current addressDsn. Ujung Blang, Ajee pagar air.: 
=2025-10-11 19:15:38 [main] INFO  - Enter a permanent addressJl. Kapten Yusuf No. 16: 
=2025-10-11 19:15:38 [main] INFO  - Clicked on submit button.
=2025-10-11 19:15:39 [main] INFO  - Closing the browser - Firefox
=2025-10-11 19:16:47 [main] INFO  - Starting Execution for Test Suite => Default Suite with Tag => 
=2025-10-11 19:16:47 [main] INFO  - Starting Execution for Test=> demoqa-automation-25
=2025-10-11 19:16:49 [main] INFO  - Opening the browser - Firefox
=2025-10-11 19:17:00 [main] INFO  - Clicked on elements.
=2025-10-11 19:17:00 [main] INFO  - Clicked on text box menu.
=2025-10-11 19:17:00 [main] INFO  - Enter a username: Nurul Arifin
=2025-10-11 19:17:02 [main] INFO  - Enter a email: arifin@gmail.com
=2025-10-11 19:17:02 [main] INFO  - Enter a current address: Dsn. Ujung Blang, Ajee pagar air.
=2025-10-11 19:17:03 [main] INFO  - Enter a permanent address: Jl. Kapten Yusuf No. 16
=2025-10-11 19:17:03 [main] INFO  - Clicked on submit button.
=2025-10-11 19:17:03 [main] INFO  - Closing the browser - Firefox
=2025-10-11 19:19:29 [main] INFO  - Starting Execution for Test Suite => Demoqa_Regression_Suite with Tag => regression1
=2025-10-11 19:19:29 [TestNG-tests-1] INFO  - Starting Execution for Test=> Demoqa_TextBoxPageTest_Regression_Test
=2025-10-13 14:33:27 [main] INFO  - Starting Execution for Test Suite => Default Suite with Tag => 
=2025-10-13 14:33:28 [main] INFO  - Starting Execution for Test=> demoqa-automation-25
=2025-10-13 14:33:32 [main] INFO  - Opening the browser - Chrome
=2025-10-13 14:33:37 [main] INFO  - Clicked on elements.
=2025-10-13 14:33:37 [main] INFO  - Clicked on checkbox menu!
=2025-10-13 14:33:37 [main] INFO  - Clicked on checkbox Home!
=2025-10-13 14:33:41 [main] INFO  - Closing the browser - Chrome
=2025-10-15 20:31:07 [main] INFO  - Starting Execution for Test Suite => Default Suite with Tag => 
=2025-10-15 20:31:07 [main] INFO  - Starting Execution for Test=> demoqa-automation-25
=2025-10-15 20:31:15 [main] INFO  - Opening the browser - Chrome
=2025-10-15 20:31:24 [main] INFO  - Clicked on elements.
=2025-10-15 20:31:24 [main] INFO  - Clicked on checkbox menu!
=2025-10-15 20:31:24 [main] INFO  - Clicked on checkbox Home!
=2025-10-15 20:31:25 [main] INFO  - Closing the browser - Chrome
=2025-10-16 17:01:46 [main] INFO  - Starting Execution for Test Suite => Default Suite with Tag => 
=2025-10-16 17:01:47 [main] INFO  - Starting Execution for Test=> demoqa-automation-25
=2025-10-16 17:01:51 [main] INFO  - Opening the browser - Chrome
=2025-10-16 17:01:55 [main] INFO  - Clicked on elements.
=2025-10-16 17:01:55 [main] INFO  - Clicked on checkbox menu!
=2025-10-16 17:01:57 [main] INFO  - Clicked on checkbox Home!
=2025-10-16 17:01:58 [main] INFO  - Closing the browser - Chrome
=2025-10-16 17:02:12 [main] INFO  - Starting Execution for Test Suite => Default Suite with Tag => 
=2025-10-16 17:02:12 [main] INFO  - Starting Execution for Test=> demoqa-automation-25
=2025-10-16 17:02:14 [main] INFO  - Opening the browser - Chrome
=2025-10-16 17:02:19 [main] INFO  - Clicked on elements.
=2025-10-16 17:02:19 [main] INFO  - Clicked on the menu!
=2025-10-16 17:02:19 [main] INFO  - Clicked on Add button!
=2025-10-16 17:02:19 [main] INFO  - Enter first name: Nurul
=2025-10-16 17:02:20 [main] INFO  - Enter last name: Arifin
=2025-10-16 17:02:21 [main] INFO  - Enter user email: arifin@gmail.com
=2025-10-16 17:02:21 [main] INFO  - Enter age: 27
=2025-10-16 17:02:21 [main] INFO  - Enter salary: 7000000
=2025-10-16 17:02:22 [main] INFO  - Enter department: QA
=2025-10-16 17:02:22 [main] INFO  - Clicked on submit button!
=2025-10-16 17:02:23 [main] INFO  - Closing the browser - Chrome
=2025-10-16 17:18:04 [main] INFO  - Starting Execution for Test Suite => Default Suite with Tag => 
=2025-10-16 17:18:04 [main] INFO  - Starting Execution for Test=> demoqa-automation-25
=2025-10-16 17:18:07 [main] INFO  - Opening the browser - Chrome
=2025-10-16 17:18:11 [main] INFO  - Clicked on elements.
=2025-10-16 17:18:11 [main] INFO  - Clicked on the menu!
=2025-10-16 17:18:14 [main] INFO  - Clicked on Add button!
=2025-10-16 17:18:15 [main] INFO  - Enter first name: Nurul
=2025-10-16 17:18:15 [main] INFO  - Enter last name: Arifin
=2025-10-16 17:18:15 [main] INFO  - Enter user email: arifin@gmail.com
=2025-10-16 17:18:15 [main] INFO  - Enter age: 27
=2025-10-16 17:18:16 [main] INFO  - Enter salary: 7000000
=2025-10-16 17:18:16 [main] INFO  - Enter department: QA
=2025-10-16 17:18:16 [main] INFO  - Clicked on submit button!
=2025-10-16 17:18:16 [main] INFO  - Clicked on edit button!
=2025-10-16 17:18:16 [main] INFO  - Enter last name: Aripon
=2025-10-16 17:18:17 [main] INFO  - Enter user email: aripon@gmail.com
=2025-10-16 17:18:17 [main] INFO  - Clicked on submit button!
=2025-10-16 17:18:18 [main] ERROR - Failed to click on delete button!
org.openqa.selenium.ElementClickInterceptedException: element click intercepted: Element <span id="delete-record-4" data-toggle="tooltip" title="Delete">...</span> is not clickable at point (1376, 620). Other element would receive the click: <div role="dialog" aria-modal="true" class="fade modal show" tabindex="-1" style="display: block;">...</div>
  (Session info: chrome=141.0.7390.77)
Build info: version: '4.34.0', revision: '707dcb4246*'
System info: os.name: 'Windows 11', os.arch: 'amd64', os.version: '10.0', java.version: '21.0.6'
Driver info: org.openqa.selenium.chrome.ChromeDriver
Command: [3b5928eb1649488e5c0ae9dbd6875202, clickElement {id=f.579295002D28A8A7B2883F70FE99DBE2.d.08525D436878213F59468C22D6717B0B.e.101}]
Capabilities {acceptInsecureCerts: false, browserName: chrome, browserVersion: 141.0.7390.77, chrome: {chromedriverVersion: 141.0.7390.78 (2b53b0e231fc..., userDataDir: C:\Users\nurul\AppData\Loca...}, fedcm:accounts: true, goog:chromeOptions: {debuggerAddress: localhost:50335}, networkConnectionEnabled: false, pageLoadStrategy: normal, platformName: windows, proxy: Proxy(), se:cdp: ws://localhost:50335/devtoo..., se:cdpVersion: 141.0.7390.77, setWindowRect: true, strictFileInteractability: false, timeouts: {implicit: 0, pageLoad: 300000, script: 30000}, unhandledPromptBehavior: dismiss and notify, webauthn:extension:credBlob: true, webauthn:extension:largeBlob: true, webauthn:extension:minPinLength: true, webauthn:extension:prf: true, webauthn:virtualAuthenticators: true}
Element: [[ChromeDriver: chrome on windows (3b5928eb1649488e5c0ae9dbd6875202)] -> xpath: //span[@id='delete-record-4']]
Session ID: 3b5928eb1649488e5c0ae9dbd6875202
	at java.base/jdk.internal.reflect.DirectConstructorHandleAccessor.newInstance(DirectConstructorHandleAccessor.java:62)
	at java.base/java.lang.reflect.Constructor.newInstanceWithCaller(Constructor.java:502)
	at java.base/java.lang.reflect.Constructor.newInstance(Constructor.java:486)
	at org.openqa.selenium.remote.ErrorCodec.decode(ErrorCodec.java:167)
	at org.openqa.selenium.remote.codec.w3c.W3CHttpResponseCodec.decode(W3CHttpResponseCodec.java:138)
	at org.openqa.selenium.remote.codec.w3c.W3CHttpResponseCodec.decode(W3CHttpResponseCodec.java:50)
	at org.openqa.selenium.remote.HttpCommandExecutor.execute(HttpCommandExecutor.java:215)
	at org.openqa.selenium.remote.service.DriverCommandExecutor.invokeExecute(DriverCommandExecutor.java:216)
	at org.openqa.selenium.remote.service.DriverCommandExecutor.execute(DriverCommandExecutor.java:174)
	at org.openqa.selenium.remote.RemoteWebDriver.execute(RemoteWebDriver.java:544)
	at org.openqa.selenium.remote.RemoteWebElement.execute(RemoteWebElement.java:223)
	at org.openqa.selenium.remote.RemoteWebElement.click(RemoteWebElement.java:76)
	at java.base/jdk.internal.reflect.DirectMethodHandleAccessor.invoke(DirectMethodHandleAccessor.java:103)
	at java.base/java.lang.reflect.Method.invoke(Method.java:580)
	at org.openqa.selenium.support.pagefactory.internal.LocatingElementHandler.invoke(LocatingElementHandler.java:51)
	at jdk.proxy2/jdk.proxy2.$Proxy30.click(Unknown Source)
	at com.demoqa.pages.elements.WebTables.clickOnDeleteButton(WebTables.java:122)
	at com.demoqa.tests.elements.WebTablesPageTest.testWebTables(WebTablesPageTest.java:31)
	at java.base/jdk.internal.reflect.DirectMethodHandleAccessor.invoke(DirectMethodHandleAccessor.java:103)
	at java.base/java.lang.reflect.Method.invoke(Method.java:580)
	at org.testng.internal.invokers.MethodInvocationHelper.invokeMethod(MethodInvocationHelper.java:141)
	at org.testng.internal.invokers.TestInvoker.invokeMethod(TestInvoker.java:687)
	at org.testng.internal.invokers.TestInvoker.invokeTestMethod(TestInvoker.java:230)
	at org.testng.internal.invokers.MethodRunner.runInSequence(MethodRunner.java:63)
	at org.testng.internal.invokers.TestInvoker$MethodInvocationAgent.invoke(TestInvoker.java:995)
	at org.testng.internal.invokers.TestInvoker.invokeTestMethods(TestInvoker.java:203)
	at org.testng.internal.invokers.TestMethodWorker.invokeTestMethods(TestMethodWorker.java:154)
	at org.testng.internal.invokers.TestMethodWorker.run(TestMethodWorker.java:134)
	at java.base/java.util.ArrayList.forEach(ArrayList.java:1596)
	at org.testng.TestRunner.privateRun(TestRunner.java:741)
	at org.testng.TestRunner.run(TestRunner.java:616)
	at org.testng.SuiteRunner.runTest(SuiteRunner.java:421)
	at org.testng.SuiteRunner.runSequentially(SuiteRunner.java:413)
	at org.testng.SuiteRunner.privateRun(SuiteRunner.java:373)
	at org.testng.SuiteRunner.run(SuiteRunner.java:312)
	at org.testng.SuiteRunnerWorker.runSuite(SuiteRunnerWorker.java:52)
	at org.testng.SuiteRunnerWorker.run(SuiteRunnerWorker.java:95)
	at org.testng.TestNG.runSuitesSequentially(TestNG.java:1274)
	at org.testng.TestNG.runSuitesLocally(TestNG.java:1208)
	at org.testng.TestNG.runSuites(TestNG.java:1112)
	at org.testng.TestNG.run(TestNG.java:1079)
	at com.intellij.rt.testng.IDEARemoteTestNG.run(IDEARemoteTestNG.java:65)
	at com.intellij.rt.testng.RemoteTestNGStarter.main(RemoteTestNGStarter.java:105)
=2025-10-16 17:18:20 [main] INFO  - Closing the browser - Chrome
=2025-10-16 17:23:53 [main] INFO  - Starting Execution for Test Suite => Default Suite with Tag => 
=2025-10-16 17:23:53 [main] INFO  - Starting Execution for Test=> demoqa-automation-25
=2025-10-16 17:23:57 [main] INFO  - Opening the browser - Chrome
=2025-10-16 17:24:01 [main] INFO  - Clicked on elements.
=2025-10-16 17:24:01 [main] INFO  - Clicked on the menu!
=2025-10-16 17:24:02 [main] INFO  - Clicked on Add button!
=2025-10-16 17:24:04 [main] INFO  - Enter first name: Nurul
=2025-10-16 17:24:05 [main] INFO  - Enter last name: Arifin
=2025-10-16 17:24:05 [main] INFO  - Enter user email: arifin@gmail.com
=2025-10-16 17:24:06 [main] INFO  - Enter age: 27
=2025-10-16 17:24:06 [main] INFO  - Enter salary: 7000000
=2025-10-16 17:24:06 [main] INFO  - Enter department: QA
=2025-10-16 17:24:06 [main] INFO  - Clicked on submit button!
=2025-10-16 17:24:07 [main] INFO  - Clicked on edit button!
=2025-10-16 17:24:07 [main] INFO  - Enter last name: Aripon
=2025-10-16 17:24:07 [main] INFO  - Enter user email: aripon@gmail.com
=2025-10-16 17:24:08 [main] INFO  - Clicked on submit button!
=2025-10-16 17:24:09 [main] ERROR - Failed to click on delete button!
org.openqa.selenium.ElementClickInterceptedException: element click intercepted: Element <span id="delete-record-4" data-toggle="tooltip" title="Delete">...</span> is not clickable at point (1376, 620). Other element would receive the click: <div role="dialog" aria-modal="true" class="fade modal show" tabindex="-1" style="display: block;">...</div>
  (Session info: chrome=141.0.7390.77)
Build info: version: '4.34.0', revision: '707dcb4246*'
System info: os.name: 'Windows 11', os.arch: 'amd64', os.version: '10.0', java.version: '21.0.6'
Driver info: org.openqa.selenium.chrome.ChromeDriver
Command: [314192984f8c351c48932328bdb3ddb0, clickElement {id=f.F4B1B7B809141237CE0CE53A37127229.d.F53E9847344EDD4FCDCC8BBB404F325F.e.103}]
Capabilities {acceptInsecureCerts: false, browserName: chrome, browserVersion: 141.0.7390.77, chrome: {chromedriverVersion: 141.0.7390.78 (2b53b0e231fc..., userDataDir: C:\Users\nurul\AppData\Loca...}, fedcm:accounts: true, goog:chromeOptions: {debuggerAddress: localhost:55418}, networkConnectionEnabled: false, pageLoadStrategy: normal, platformName: windows, proxy: Proxy(), se:cdp: ws://localhost:55418/devtoo..., se:cdpVersion: 141.0.7390.77, setWindowRect: true, strictFileInteractability: false, timeouts: {implicit: 0, pageLoad: 300000, script: 30000}, unhandledPromptBehavior: dismiss and notify, webauthn:extension:credBlob: true, webauthn:extension:largeBlob: true, webauthn:extension:minPinLength: true, webauthn:extension:prf: true, webauthn:virtualAuthenticators: true}
Element: [[ChromeDriver: chrome on windows (314192984f8c351c48932328bdb3ddb0)] -> xpath: //span[@id='delete-record-4']]
Session ID: 314192984f8c351c48932328bdb3ddb0
	at java.base/jdk.internal.reflect.DirectConstructorHandleAccessor.newInstance(DirectConstructorHandleAccessor.java:62)
	at java.base/java.lang.reflect.Constructor.newInstanceWithCaller(Constructor.java:502)
	at java.base/java.lang.reflect.Constructor.newInstance(Constructor.java:486)
	at org.openqa.selenium.remote.ErrorCodec.decode(ErrorCodec.java:167)
	at org.openqa.selenium.remote.codec.w3c.W3CHttpResponseCodec.decode(W3CHttpResponseCodec.java:138)
	at org.openqa.selenium.remote.codec.w3c.W3CHttpResponseCodec.decode(W3CHttpResponseCodec.java:50)
	at org.openqa.selenium.remote.HttpCommandExecutor.execute(HttpCommandExecutor.java:215)
	at org.openqa.selenium.remote.service.DriverCommandExecutor.invokeExecute(DriverCommandExecutor.java:216)
	at org.openqa.selenium.remote.service.DriverCommandExecutor.execute(DriverCommandExecutor.java:174)
	at org.openqa.selenium.remote.RemoteWebDriver.execute(RemoteWebDriver.java:544)
	at org.openqa.selenium.remote.RemoteWebElement.execute(RemoteWebElement.java:223)
	at org.openqa.selenium.remote.RemoteWebElement.click(RemoteWebElement.java:76)
	at java.base/jdk.internal.reflect.DirectMethodHandleAccessor.invoke(DirectMethodHandleAccessor.java:103)
	at java.base/java.lang.reflect.Method.invoke(Method.java:580)
	at org.openqa.selenium.support.pagefactory.internal.LocatingElementHandler.invoke(LocatingElementHandler.java:51)
	at jdk.proxy2/jdk.proxy2.$Proxy30.click(Unknown Source)
	at com.demoqa.pages.elements.WebTables.clickOnDeleteButton(WebTables.java:122)
	at com.demoqa.tests.elements.WebTablesPageTest.testWebTables(WebTablesPageTest.java:36)
	at java.base/jdk.internal.reflect.DirectMethodHandleAccessor.invoke(DirectMethodHandleAccessor.java:103)
	at java.base/java.lang.reflect.Method.invoke(Method.java:580)
	at org.testng.internal.invokers.MethodInvocationHelper.invokeMethod(MethodInvocationHelper.java:141)
	at org.testng.internal.invokers.TestInvoker.invokeMethod(TestInvoker.java:687)
	at org.testng.internal.invokers.TestInvoker.invokeTestMethod(TestInvoker.java:230)
	at org.testng.internal.invokers.MethodRunner.runInSequence(MethodRunner.java:63)
	at org.testng.internal.invokers.TestInvoker$MethodInvocationAgent.invoke(TestInvoker.java:995)
	at org.testng.internal.invokers.TestInvoker.invokeTestMethods(TestInvoker.java:203)
	at org.testng.internal.invokers.TestMethodWorker.invokeTestMethods(TestMethodWorker.java:154)
	at org.testng.internal.invokers.TestMethodWorker.run(TestMethodWorker.java:134)
	at java.base/java.util.ArrayList.forEach(ArrayList.java:1596)
	at org.testng.TestRunner.privateRun(TestRunner.java:741)
	at org.testng.TestRunner.run(TestRunner.java:616)
	at org.testng.SuiteRunner.runTest(SuiteRunner.java:421)
	at org.testng.SuiteRunner.runSequentially(SuiteRunner.java:413)
	at org.testng.SuiteRunner.privateRun(SuiteRunner.java:373)
	at org.testng.SuiteRunner.run(SuiteRunner.java:312)
	at org.testng.SuiteRunnerWorker.runSuite(SuiteRunnerWorker.java:52)
	at org.testng.SuiteRunnerWorker.run(SuiteRunnerWorker.java:95)
	at org.testng.TestNG.runSuitesSequentially(TestNG.java:1274)
	at org.testng.TestNG.runSuitesLocally(TestNG.java:1208)
	at org.testng.TestNG.runSuites(TestNG.java:1112)
	at org.testng.TestNG.run(TestNG.java:1079)
	at com.intellij.rt.testng.IDEARemoteTestNG.run(IDEARemoteTestNG.java:65)
	at com.intellij.rt.testng.RemoteTestNGStarter.main(RemoteTestNGStarter.java:105)
=2025-10-16 17:24:09 [main] INFO  - Closing the browser - Chrome
=2025-10-16 17:25:19 [main] INFO  - Starting Execution for Test Suite => Default Suite with Tag => 
=2025-10-16 17:25:20 [main] INFO  - Starting Execution for Test=> demoqa-automation-25
=2025-10-16 17:25:22 [main] INFO  - Opening the browser - Chrome
=2025-10-16 17:25:29 [main] INFO  - Clicked on elements.
=2025-10-16 17:25:29 [main] INFO  - Clicked on the menu!
=2025-10-16 17:25:30 [main] INFO  - Clicked on Add button!
=2025-10-16 17:25:31 [main] INFO  - Enter first name: Nurul
=2025-10-16 17:25:32 [main] INFO  - Enter last name: Arifin
=2025-10-16 17:25:32 [main] INFO  - Enter user email: arifin@gmail.com
=2025-10-16 17:25:32 [main] INFO  - Enter age: 27
=2025-10-16 17:25:32 [main] INFO  - Enter salary: 7000000
=2025-10-16 17:25:32 [main] INFO  - Enter department: QA
=2025-10-16 17:25:33 [main] INFO  - Clicked on submit button!
=2025-10-16 17:25:33 [main] INFO  - Clicked on edit button!
=2025-10-16 17:25:33 [main] INFO  - Enter last name: Aripon
=2025-10-16 17:25:34 [main] INFO  - Enter user email: aripon@gmail.com
=2025-10-16 17:25:34 [main] INFO  - Clicked on submit button!
=2025-10-16 17:25:34 [main] INFO  - Clicked on delete button!
=2025-10-16 17:25:35 [main] INFO  - Closing the browser - Chrome
=2025-10-16 19:12:24 [main] INFO  - Starting Execution for Test Suite => Demoqa_Regression_Suite with Tag => regression1
=2025-10-16 19:12:25 [TestNG-tests-1] INFO  - Starting Execution for Test=> Demoqa_TextBoxPageTest_Regression_Test
=2025-10-16 19:14:44 [main] INFO  - Starting Execution for Test Suite => Default Suite with Tag => 
=2025-10-16 19:14:44 [main] INFO  - Starting Execution for Test=> demoqa-automation-25
=2025-10-16 19:14:48 [main] INFO  - Opening the browser - Chrome
=2025-10-16 19:14:54 [main] INFO  - Clicked on elements.
=2025-10-16 19:14:55 [main] INFO  - Clicked on the menu!
=2025-10-16 19:14:56 [main] INFO  - Clicked on Add button!
=2025-10-16 19:14:56 [main] INFO  - Enter first name: Nurul
=2025-10-16 19:14:57 [main] INFO  - Enter last name: Arifin
=2025-10-16 19:14:57 [main] INFO  - Enter user email: arifin@gmail.com
=2025-10-16 19:14:57 [main] INFO  - Enter age: 27
=2025-10-16 19:14:58 [main] INFO  - Enter salary: 7000000
=2025-10-16 19:14:58 [main] INFO  - Enter department: QA
=2025-10-16 19:14:58 [main] INFO  - Clicked on submit button!
=2025-10-16 19:14:58 [main] INFO  - Clicked on edit button!
=2025-10-16 19:14:59 [main] INFO  - Enter last name: Aripon
=2025-10-16 19:14:59 [main] INFO  - Enter user email: aripon@gmail.com
=2025-10-16 19:14:59 [main] INFO  - Clicked on submit button!
=2025-10-16 19:14:59 [main] INFO  - Clicked on delete button!
=2025-10-16 19:15:00 [main] INFO  - Closing the browser - Chrome
=2025-10-16 19:28:55 [main] INFO  - Starting Execution for Test Suite => Demoqa_Sanity_Suite with Tag => sanity1
=2025-10-16 19:28:55 [TestNG-tests-1] INFO  - Starting Execution for Test=> Sanity Tests
=2025-10-16 19:28:58 [TestNG-tests-1] INFO  - Opening the browser - Chrome
=2025-10-16 19:29:05 [TestNG-tests-1] INFO  - Clicked on elements.
=2025-10-16 19:29:05 [TestNG-tests-1] INFO  - Started Test: CheckBoxPageTest => testCheckBox
=2025-10-16 19:29:06 [TestNG-tests-1] INFO  - Clicked on checkbox menu!
=2025-10-16 19:29:06 [TestNG-tests-1] INFO  - Clicked on checkbox Home!
=2025-10-16 19:29:06 [TestNG-tests-1] INFO  - Test Successful: CheckBoxPageTest => testCheckBox
=2025-10-16 19:29:07 [TestNG-tests-1] INFO  - Closing the browser - Chrome
=2025-10-16 19:29:08 [TestNG-tests-1] INFO  - Opening the browser - Chrome
=2025-10-16 19:29:25 [TestNG-tests-1] INFO  - Clicked on elements.
=2025-10-16 19:29:25 [TestNG-tests-1] INFO  - Started Test: RadioButtonPageTest => testRadioButton
=2025-10-16 19:29:26 [TestNG-tests-1] INFO  - Clicked on radio menu!
=2025-10-16 19:29:26 [TestNG-tests-1] INFO  - Clicked on radio button!
=2025-10-16 19:29:26 [TestNG-tests-1] INFO  - Test Successful: RadioButtonPageTest => testRadioButton
=2025-10-16 19:29:27 [TestNG-tests-1] INFO  - Closing the browser - Chrome
=2025-10-16 19:29:28 [TestNG-tests-1] INFO  - Opening the browser - Chrome
=2025-10-16 19:29:32 [TestNG-tests-1] INFO  - Clicked on elements.
=2025-10-16 19:29:32 [TestNG-tests-1] INFO  - Started Test: TextBoxPageTest => testTextBox
=2025-10-16 19:29:33 [TestNG-tests-1] INFO  - Clicked on text box menu.
=2025-10-16 19:29:34 [TestNG-tests-1] INFO  - Enter a username: Nurul Arifin
=2025-10-16 19:29:34 [TestNG-tests-1] INFO  - Enter a email: arifin@gmail.com
=2025-10-16 19:29:35 [TestNG-tests-1] INFO  - Enter a current address: Dsn. Ujung Blang, Ajee pagar air.
=2025-10-16 19:29:35 [TestNG-tests-1] INFO  - Enter a permanent address: Jl. Kapten Yusuf No. 16
=2025-10-16 19:29:35 [TestNG-tests-1] INFO  - Clicked on submit button.
=2025-10-16 19:29:36 [TestNG-tests-1] INFO  - Test Successful: TextBoxPageTest => testTextBox
=2025-10-16 19:29:36 [TestNG-tests-1] INFO  - Closing the browser - Chrome
=2025-10-16 19:29:37 [TestNG-tests-1] INFO  - Opening the browser - Chrome
=2025-10-16 19:29:53 [TestNG-tests-1] INFO  - Clicked on elements.
=2025-10-16 19:29:53 [TestNG-tests-1] INFO  - Started Test: WebTablesPageTest => testWebTables
=2025-10-16 19:29:54 [TestNG-tests-1] INFO  - Clicked on the menu!
=2025-10-16 19:29:54 [TestNG-tests-1] INFO  - Clicked on Add button!
=2025-10-16 19:29:54 [TestNG-tests-1] INFO  - Enter first name: Nurul
=2025-10-16 19:29:54 [TestNG-tests-1] INFO  - Enter last name: Arifin
=2025-10-16 19:29:55 [TestNG-tests-1] INFO  - Enter user email: arifin@gmail.com
=2025-10-16 19:29:55 [TestNG-tests-1] INFO  - Enter age: 27
=2025-10-16 19:29:56 [TestNG-tests-1] INFO  - Enter salary: 7000000
=2025-10-16 19:29:56 [TestNG-tests-1] INFO  - Enter department: QA
=2025-10-16 19:29:56 [TestNG-tests-1] INFO  - Clicked on submit button!
=2025-10-16 19:29:56 [TestNG-tests-1] INFO  - Clicked on edit button!
=2025-10-16 19:29:57 [TestNG-tests-1] INFO  - Enter last name: Aripon
=2025-10-16 19:29:57 [TestNG-tests-1] INFO  - Enter user email: aripon@gmail.com
=2025-10-16 19:29:57 [TestNG-tests-1] INFO  - Clicked on submit button!
=2025-10-16 19:29:58 [TestNG-tests-1] INFO  - Clicked on delete button!
=2025-10-16 19:29:58 [TestNG-tests-1] INFO  - Test Successful: WebTablesPageTest => testWebTables
=2025-10-16 19:29:58 [TestNG-tests-1] INFO  - Closing the browser - Chrome
=2025-10-16 19:31:22 [main] INFO  - Starting Execution for Test Suite => Default Suite with Tag => 
=2025-10-16 19:31:22 [main] INFO  - Starting Execution for Test=> demoqa-automation-25
=2025-10-16 19:31:24 [main] INFO  - Opening the browser - Chrome
=2025-10-16 19:31:54 [main] INFO  - Clicked on elements.
=2025-10-16 19:31:54 [main] INFO  - Clicked on the menu!
=2025-10-16 19:31:56 [main] INFO  - Clicked on Add button!
=2025-10-16 19:31:57 [main] INFO  - Enter first name: Nurul
=2025-10-16 19:31:57 [main] INFO  - Enter last name: Arifin
=2025-10-16 19:31:57 [main] INFO  - Enter user email: arifin@gmail.com
=2025-10-16 19:31:58 [main] INFO  - Enter age: 27
=2025-10-16 19:31:58 [main] INFO  - Enter salary: 7000000
=2025-10-16 19:31:58 [main] INFO  - Enter department: QA
=2025-10-16 19:31:58 [main] INFO  - Clicked on submit button!
=2025-10-16 19:31:59 [main] INFO  - Clicked on edit button!
=2025-10-16 19:31:59 [main] INFO  - Enter last name: Aripon
=2025-10-16 19:32:00 [main] INFO  - Enter user email: aripon@gmail.com
=2025-10-16 19:32:00 [main] INFO  - Clicked on submit button!
=2025-10-16 19:32:00 [main] INFO  - Clicked on delete button!
=2025-10-16 19:32:01 [main] INFO  - Closing the browser - Chrome
=2025-10-16 20:11:06 [main] INFO  - Starting Execution for Test Suite => Demoqa_Sanity_Suite with Tag => sanity1
=2025-10-16 20:11:06 [TestNG-tests-1] INFO  - Starting Execution for Test=> Sanity Tests
=2025-10-16 20:11:12 [TestNG-tests-1] INFO  - Opening the browser - Chrome
=2025-10-16 20:11:22 [TestNG-tests-1] INFO  - Clicked on elements.
=2025-10-16 20:11:22 [TestNG-tests-1] INFO  - Started Test: CheckBoxPageTest => testCheckBox
=2025-10-16 20:11:22 [TestNG-tests-1] INFO  - Clicked on checkbox menu!
=2025-10-16 20:11:22 [TestNG-tests-1] INFO  - Clicked on checkbox Home!
=2025-10-16 20:11:23 [TestNG-tests-1] INFO  - Test Successful: CheckBoxPageTest => testCheckBox
=2025-10-16 20:11:25 [TestNG-tests-1] INFO  - Closing the browser - Chrome
=2025-10-16 20:11:26 [TestNG-tests-1] INFO  - Opening the browser - Chrome
=2025-10-16 20:11:33 [TestNG-tests-1] INFO  - Clicked on elements.
=2025-10-16 20:11:33 [TestNG-tests-1] INFO  - Started Test: RadioButtonPageTest => testRadioButton
=2025-10-16 20:11:33 [TestNG-tests-1] INFO  - Clicked on radio menu!
=2025-10-16 20:11:33 [TestNG-tests-1] INFO  - Clicked on radio button!
=2025-10-16 20:11:34 [TestNG-tests-1] INFO  - Test Successful: RadioButtonPageTest => testRadioButton
=2025-10-16 20:11:34 [TestNG-tests-1] INFO  - Closing the browser - Chrome
=2025-10-16 20:11:36 [TestNG-tests-1] INFO  - Opening the browser - Chrome
=2025-10-16 20:11:42 [TestNG-tests-1] INFO  - Clicked on elements.
=2025-10-16 20:11:42 [TestNG-tests-1] INFO  - Started Test: TextBoxPageTest => testTextBox
=2025-10-16 20:11:42 [TestNG-tests-1] INFO  - Clicked on text box menu.
=2025-10-16 20:11:47 [TestNG-tests-1] INFO  - Enter a username: Nurul Arifin
=2025-10-16 20:11:47 [TestNG-tests-1] INFO  - Enter a email: arifin@gmail.com
=2025-10-16 20:11:47 [TestNG-tests-1] INFO  - Enter a current address: Dsn. Ujung Blang, Ajee pagar air.
=2025-10-16 20:11:48 [TestNG-tests-1] INFO  - Enter a permanent address: Jl. Kapten Yusuf No. 16
=2025-10-16 20:11:48 [TestNG-tests-1] INFO  - Clicked on submit button.
=2025-10-16 20:11:48 [TestNG-tests-1] INFO  - Test Successful: TextBoxPageTest => testTextBox
=2025-10-16 20:11:48 [TestNG-tests-1] INFO  - Closing the browser - Chrome
=2025-10-16 20:11:50 [TestNG-tests-1] INFO  - Opening the browser - Chrome
=2025-10-16 20:11:56 [TestNG-tests-1] INFO  - Clicked on elements.
=2025-10-16 20:11:56 [TestNG-tests-1] INFO  - Started Test: WebTablesPageTest => testWebTables
=2025-10-16 20:11:59 [TestNG-tests-1] INFO  - Clicked on the menu!
=2025-10-16 20:12:00 [TestNG-tests-1] INFO  - Clicked on Add button!
=2025-10-16 20:12:00 [TestNG-tests-1] INFO  - Enter first name: Nurul
=2025-10-16 20:12:00 [TestNG-tests-1] INFO  - Enter last name: Arifin
=2025-10-16 20:12:01 [TestNG-tests-1] INFO  - Enter user email: arifin@gmail.com
=2025-10-16 20:12:01 [TestNG-tests-1] INFO  - Enter age: 27
=2025-10-16 20:12:01 [TestNG-tests-1] INFO  - Enter salary: 7000000
=2025-10-16 20:12:01 [TestNG-tests-1] INFO  - Enter department: QA
=2025-10-16 20:12:01 [TestNG-tests-1] INFO  - Clicked on submit button!
=2025-10-16 20:12:02 [TestNG-tests-1] INFO  - Clicked on edit button!
=2025-10-16 20:12:02 [TestNG-tests-1] INFO  - Enter last name: Aripon
=2025-10-16 20:12:03 [TestNG-tests-1] INFO  - Enter user email: aripon@gmail.com
=2025-10-16 20:12:03 [TestNG-tests-1] INFO  - Clicked on submit button!
=2025-10-16 20:12:03 [TestNG-tests-1] INFO  - Clicked on delete button!
=2025-10-16 20:12:03 [TestNG-tests-1] INFO  - Test Successful: WebTablesPageTest => testWebTables
=2025-10-16 20:12:04 [TestNG-tests-1] INFO  - Closing the browser - Chrome
=2025-10-16 20:32:55 [main] INFO  - Starting Execution for Test Suite => Demoqa_Sanity_Suite with Tag => sanity1
=2025-10-16 20:32:55 [TestNG-tests-1] INFO  - Starting Execution for Test=> Sanity Tests
=2025-10-16 20:32:58 [TestNG-tests-1] INFO  - Opening the browser - Chrome
=2025-10-16 20:33:05 [TestNG-tests-1] ERROR - Failed to click on elements.
org.openqa.selenium.ElementClickInterceptedException: element click intercepted: Element <h5>...</h5> is not clickable at point (194, 433). Other element would receive the click: <iframe frameborder="0" src="https://e3dcba6efd859bc371ea85429c3e92da.safeframe.googlesyndication.com/safeframe/1-0-45/html/container.html" id="google_ads_iframe_/21849154601,22343295815/Ad.Plus-Anchor_0" title="3rd party ad content" name="" scrolling="no" marginwidth="0" marginheight="0" width="728" height="90" data-is-safeframe="true" sandbox="allow-forms allow-popups allow-popups-to-escape-sandbox allow-same-origin allow-scripts allow-top-navigation-by-user-activation" allow="private-state-token-redemption;attribution-reporting" aria-label="Advertisement" tabindex="0" data-google-container-id="1" style="border: 0px; vertical-align: bottom;" data-load-complete="true"></iframe>
  (Session info: chrome=141.0.7390.77)
Build info: version: '4.34.0', revision: '707dcb4246*'
System info: os.name: 'Windows 11', os.arch: 'amd64', os.version: '10.0', java.version: '21.0.6'
Driver info: org.openqa.selenium.chrome.ChromeDriver
Command: [66ac118736b666d3f5a656819896d7fd, clickElement {id=f.5D6E8A31933F63DCF6AD8B7F4ABE6094.d.3E67A0F12A38C55DA7F0E5429419B9DC.e.16}]
Capabilities {acceptInsecureCerts: false, browserName: chrome, browserVersion: 141.0.7390.77, chrome: {chromedriverVersion: 141.0.7390.78 (2b53b0e231fc..., userDataDir: C:\Users\nurul\AppData\Loca...}, fedcm:accounts: true, goog:chromeOptions: {debuggerAddress: localhost:58115}, networkConnectionEnabled: false, pageLoadStrategy: normal, platformName: windows, proxy: Proxy(), se:cdp: ws://localhost:58115/devtoo..., se:cdpVersion: 141.0.7390.77, setWindowRect: true, strictFileInteractability: false, timeouts: {implicit: 0, pageLoad: 300000, script: 30000}, unhandledPromptBehavior: dismiss and notify, webauthn:extension:credBlob: true, webauthn:extension:largeBlob: true, webauthn:extension:minPinLength: true, webauthn:extension:prf: true, webauthn:virtualAuthenticators: true}
Element: [[ChromeDriver: chrome on windows (66ac118736b666d3f5a656819896d7fd)] -> xpath: //div[@class='card-body']//h5[text()='Elements']]
Session ID: 66ac118736b666d3f5a656819896d7fd
	at java.base/jdk.internal.reflect.DirectConstructorHandleAccessor.newInstance(DirectConstructorHandleAccessor.java:62)
	at java.base/java.lang.reflect.Constructor.newInstanceWithCaller(Constructor.java:502)
	at java.base/java.lang.reflect.Constructor.newInstance(Constructor.java:486)
	at org.openqa.selenium.remote.ErrorCodec.decode(ErrorCodec.java:167)
	at org.openqa.selenium.remote.codec.w3c.W3CHttpResponseCodec.decode(W3CHttpResponseCodec.java:138)
	at org.openqa.selenium.remote.codec.w3c.W3CHttpResponseCodec.decode(W3CHttpResponseCodec.java:50)
	at org.openqa.selenium.remote.HttpCommandExecutor.execute(HttpCommandExecutor.java:215)
	at org.openqa.selenium.remote.service.DriverCommandExecutor.invokeExecute(DriverCommandExecutor.java:216)
	at org.openqa.selenium.remote.service.DriverCommandExecutor.execute(DriverCommandExecutor.java:174)
	at org.openqa.selenium.remote.RemoteWebDriver.execute(RemoteWebDriver.java:544)
	at org.openqa.selenium.remote.RemoteWebElement.execute(RemoteWebElement.java:223)
	at org.openqa.selenium.remote.RemoteWebElement.click(RemoteWebElement.java:76)
	at java.base/jdk.internal.reflect.DirectMethodHandleAccessor.invoke(DirectMethodHandleAccessor.java:103)
	at java.base/java.lang.reflect.Method.invoke(Method.java:580)
	at org.openqa.selenium.support.pagefactory.internal.LocatingElementHandler.invoke(LocatingElementHandler.java:51)
	at jdk.proxy2/jdk.proxy2.$Proxy28.click(Unknown Source)
	at com.demoqa.pages.HomePage.clickOnElements(HomePage.java:35)
	at com.demoqa.tests.elements.CheckBoxPageTest.setUpPage(CheckBoxPageTest.java:12)
	at java.base/jdk.internal.reflect.DirectMethodHandleAccessor.invoke(DirectMethodHandleAccessor.java:103)
	at java.base/java.lang.reflect.Method.invoke(Method.java:580)
	at org.testng.internal.invokers.MethodInvocationHelper.invokeMethod(MethodInvocationHelper.java:141)
	at org.testng.internal.invokers.MethodInvocationHelper.invokeMethodConsideringTimeout(MethodInvocationHelper.java:71)
	at org.testng.internal.invokers.ConfigInvoker.invokeConfigurationMethod(ConfigInvoker.java:400)
	at org.testng.internal.invokers.ConfigInvoker.invokeConfigurations(ConfigInvoker.java:333)
	at org.testng.internal.invokers.TestInvoker.runConfigMethods(TestInvoker.java:836)
	at org.testng.internal.invokers.TestInvoker.invokeMethod(TestInvoker.java:601)
	at org.testng.internal.invokers.TestInvoker.invokeTestMethod(TestInvoker.java:230)
	at org.testng.internal.invokers.MethodRunner.runInSequence(MethodRunner.java:63)
	at org.testng.internal.invokers.TestInvoker$MethodInvocationAgent.invoke(TestInvoker.java:995)
	at org.testng.internal.invokers.TestInvoker.invokeTestMethods(TestInvoker.java:203)
	at org.testng.internal.invokers.TestMethodWorker.invokeTestMethods(TestMethodWorker.java:154)
	at org.testng.internal.invokers.TestMethodWorker.run(TestMethodWorker.java:134)
	at java.base/java.util.ArrayList.forEach(ArrayList.java:1596)
	at org.testng.TestRunner.privateRun(TestRunner.java:741)
	at org.testng.TestRunner.run(TestRunner.java:616)
	at org.testng.SuiteRunner.runTest(SuiteRunner.java:421)
	at org.testng.SuiteRunner$SuiteWorker.run(SuiteRunner.java:463)
	at org.testng.internal.thread.ThreadUtil.lambda$execute$0(ThreadUtil.java:64)
	at java.base/java.util.concurrent.FutureTask.run(FutureTask.java:317)
	at java.base/java.util.concurrent.ThreadPoolExecutor.runWorker(ThreadPoolExecutor.java:1144)
	at java.base/java.util.concurrent.ThreadPoolExecutor$Worker.run(ThreadPoolExecutor.java:642)
	at java.base/java.lang.Thread.run(Thread.java:1583)
=2025-10-16 20:33:05 [TestNG-tests-1] INFO  - Started Test: CheckBoxPageTest => testCheckBox
=2025-10-16 20:33:05 [TestNG-tests-1] INFO  - Test Skipped: CheckBoxPageTest => testCheckBox
=2025-10-16 20:33:06 [TestNG-tests-1] INFO  - Closing the browser - Chrome
=2025-10-16 20:33:07 [TestNG-tests-1] INFO  - Opening the browser - Chrome
=2025-10-16 20:33:13 [TestNG-tests-1] ERROR - Failed to click on elements.
org.openqa.selenium.ElementClickInterceptedException: element click intercepted: Element <h5>...</h5> is not clickable at point (194, 433). Other element would receive the click: <iframe frameborder="0" src="https://4fbcec2e66d783d763ec14449d979a7f.safeframe.googlesyndication.com/safeframe/1-0-45/html/container.html" id="google_ads_iframe_/21849154601,22343295815/Ad.Plus-Anchor_0" title="3rd party ad content" name="" scrolling="no" marginwidth="0" marginheight="0" width="728" height="90" data-is-safeframe="true" sandbox="allow-forms allow-popups allow-popups-to-escape-sandbox allow-same-origin allow-scripts allow-top-navigation-by-user-activation" allow="private-state-token-redemption;attribution-reporting" aria-label="Advertisement" tabindex="0" data-google-container-id="1" style="border: 0px; vertical-align: bottom;" data-load-complete="true"></iframe>
  (Session info: chrome=141.0.7390.77)
Build info: version: '4.34.0', revision: '707dcb4246*'
System info: os.name: 'Windows 11', os.arch: 'amd64', os.version: '10.0', java.version: '21.0.6'
Driver info: org.openqa.selenium.chrome.ChromeDriver
Command: [0fe7307bbdb71c606be4bf0bd85a0509, clickElement {id=f.05F869512A8EE920FD5FC07FD0884EA5.d.15F21EC0F5C1BC626E732DF1C460CFCC.e.16}]
Capabilities {acceptInsecureCerts: false, browserName: chrome, browserVersion: 141.0.7390.77, chrome: {chromedriverVersion: 141.0.7390.78 (2b53b0e231fc..., userDataDir: C:\Users\nurul\AppData\Loca...}, fedcm:accounts: true, goog:chromeOptions: {debuggerAddress: localhost:64524}, networkConnectionEnabled: false, pageLoadStrategy: normal, platformName: windows, proxy: Proxy(), se:cdp: ws://localhost:64524/devtoo..., se:cdpVersion: 141.0.7390.77, setWindowRect: true, strictFileInteractability: false, timeouts: {implicit: 0, pageLoad: 300000, script: 30000}, unhandledPromptBehavior: dismiss and notify, webauthn:extension:credBlob: true, webauthn:extension:largeBlob: true, webauthn:extension:minPinLength: true, webauthn:extension:prf: true, webauthn:virtualAuthenticators: true}
Element: [[ChromeDriver: chrome on windows (0fe7307bbdb71c606be4bf0bd85a0509)] -> xpath: //div[@class='card-body']//h5[text()='Elements']]
Session ID: 0fe7307bbdb71c606be4bf0bd85a0509
	at java.base/jdk.internal.reflect.DirectConstructorHandleAccessor.newInstance(DirectConstructorHandleAccessor.java:62)
	at java.base/java.lang.reflect.Constructor.newInstanceWithCaller(Constructor.java:502)
	at java.base/java.lang.reflect.Constructor.newInstance(Constructor.java:486)
	at org.openqa.selenium.remote.ErrorCodec.decode(ErrorCodec.java:167)
	at org.openqa.selenium.remote.codec.w3c.W3CHttpResponseCodec.decode(W3CHttpResponseCodec.java:138)
	at org.openqa.selenium.remote.codec.w3c.W3CHttpResponseCodec.decode(W3CHttpResponseCodec.java:50)
	at org.openqa.selenium.remote.HttpCommandExecutor.execute(HttpCommandExecutor.java:215)
	at org.openqa.selenium.remote.service.DriverCommandExecutor.invokeExecute(DriverCommandExecutor.java:216)
	at org.openqa.selenium.remote.service.DriverCommandExecutor.execute(DriverCommandExecutor.java:174)
	at org.openqa.selenium.remote.RemoteWebDriver.execute(RemoteWebDriver.java:544)
	at org.openqa.selenium.remote.RemoteWebElement.execute(RemoteWebElement.java:223)
	at org.openqa.selenium.remote.RemoteWebElement.click(RemoteWebElement.java:76)
	at java.base/jdk.internal.reflect.DirectMethodHandleAccessor.invoke(DirectMethodHandleAccessor.java:103)
	at java.base/java.lang.reflect.Method.invoke(Method.java:580)
	at org.openqa.selenium.support.pagefactory.internal.LocatingElementHandler.invoke(LocatingElementHandler.java:51)
	at jdk.proxy2/jdk.proxy2.$Proxy28.click(Unknown Source)
	at com.demoqa.pages.HomePage.clickOnElements(HomePage.java:35)
	at com.demoqa.tests.elements.RadioButtonPageTest.testSetUp(RadioButtonPageTest.java:12)
	at java.base/jdk.internal.reflect.DirectMethodHandleAccessor.invoke(DirectMethodHandleAccessor.java:103)
	at java.base/java.lang.reflect.Method.invoke(Method.java:580)
	at org.testng.internal.invokers.MethodInvocationHelper.invokeMethod(MethodInvocationHelper.java:141)
	at org.testng.internal.invokers.MethodInvocationHelper.invokeMethodConsideringTimeout(MethodInvocationHelper.java:71)
	at org.testng.internal.invokers.ConfigInvoker.invokeConfigurationMethod(ConfigInvoker.java:400)
	at org.testng.internal.invokers.ConfigInvoker.invokeConfigurations(ConfigInvoker.java:333)
	at org.testng.internal.invokers.TestInvoker.runConfigMethods(TestInvoker.java:836)
	at org.testng.internal.invokers.TestInvoker.invokeMethod(TestInvoker.java:601)
	at org.testng.internal.invokers.TestInvoker.invokeTestMethod(TestInvoker.java:230)
	at org.testng.internal.invokers.MethodRunner.runInSequence(MethodRunner.java:63)
	at org.testng.internal.invokers.TestInvoker$MethodInvocationAgent.invoke(TestInvoker.java:995)
	at org.testng.internal.invokers.TestInvoker.invokeTestMethods(TestInvoker.java:203)
	at org.testng.internal.invokers.TestMethodWorker.invokeTestMethods(TestMethodWorker.java:154)
	at org.testng.internal.invokers.TestMethodWorker.run(TestMethodWorker.java:134)
	at java.base/java.util.ArrayList.forEach(ArrayList.java:1596)
	at org.testng.TestRunner.privateRun(TestRunner.java:741)
	at org.testng.TestRunner.run(TestRunner.java:616)
	at org.testng.SuiteRunner.runTest(SuiteRunner.java:421)
	at org.testng.SuiteRunner$SuiteWorker.run(SuiteRunner.java:463)
	at org.testng.internal.thread.ThreadUtil.lambda$execute$0(ThreadUtil.java:64)
	at java.base/java.util.concurrent.FutureTask.run(FutureTask.java:317)
	at java.base/java.util.concurrent.ThreadPoolExecutor.runWorker(ThreadPoolExecutor.java:1144)
	at java.base/java.util.concurrent.ThreadPoolExecutor$Worker.run(ThreadPoolExecutor.java:642)
	at java.base/java.lang.Thread.run(Thread.java:1583)
=2025-10-16 20:33:13 [TestNG-tests-1] INFO  - Started Test: RadioButtonPageTest => testRadioButton
=2025-10-16 20:33:13 [TestNG-tests-1] INFO  - Test Skipped: RadioButtonPageTest => testRadioButton
=2025-10-16 20:33:13 [TestNG-tests-1] INFO  - Closing the browser - Chrome
=2025-10-16 20:33:14 [TestNG-tests-1] INFO  - Opening the browser - Chrome
=2025-10-16 20:33:21 [TestNG-tests-1] ERROR - Failed to click on elements.
org.openqa.selenium.ElementClickInterceptedException: element click intercepted: Element <h5>...</h5> is not clickable at point (194, 433). Other element would receive the click: <iframe frameborder="0" src="https://b05ce615d28e31d7760f7f9836412a5a.safeframe.googlesyndication.com/safeframe/1-0-45/html/container.html" id="google_ads_iframe_/21849154601,22343295815/Ad.Plus-Anchor_0" title="3rd party ad content" name="" scrolling="no" marginwidth="0" marginheight="0" width="728" height="90" data-is-safeframe="true" sandbox="allow-forms allow-popups allow-popups-to-escape-sandbox allow-same-origin allow-scripts allow-top-navigation-by-user-activation" allow="private-state-token-redemption;attribution-reporting" aria-label="Advertisement" tabindex="0" data-google-container-id="1" style="border: 0px; vertical-align: bottom;" data-load-complete="true"></iframe>
  (Session info: chrome=141.0.7390.77)
Build info: version: '4.34.0', revision: '707dcb4246*'
System info: os.name: 'Windows 11', os.arch: 'amd64', os.version: '10.0', java.version: '21.0.6'
Driver info: org.openqa.selenium.chrome.ChromeDriver
Command: [38efad2553ca240a90ebb96bef71f068, clickElement {id=f.4567C72BE5CDF28CD38E2F7D434E7E1B.d.CDE815B4A71F7E5779BA3F9FCB78D720.e.15}]
Capabilities {acceptInsecureCerts: false, browserName: chrome, browserVersion: 141.0.7390.77, chrome: {chromedriverVersion: 141.0.7390.78 (2b53b0e231fc..., userDataDir: C:\Users\nurul\AppData\Loca...}, fedcm:accounts: true, goog:chromeOptions: {debuggerAddress: localhost:59524}, networkConnectionEnabled: false, pageLoadStrategy: normal, platformName: windows, proxy: Proxy(), se:cdp: ws://localhost:59524/devtoo..., se:cdpVersion: 141.0.7390.77, setWindowRect: true, strictFileInteractability: false, timeouts: {implicit: 0, pageLoad: 300000, script: 30000}, unhandledPromptBehavior: dismiss and notify, webauthn:extension:credBlob: true, webauthn:extension:largeBlob: true, webauthn:extension:minPinLength: true, webauthn:extension:prf: true, webauthn:virtualAuthenticators: true}
Element: [[ChromeDriver: chrome on windows (38efad2553ca240a90ebb96bef71f068)] -> xpath: //div[@class='card-body']//h5[text()='Elements']]
Session ID: 38efad2553ca240a90ebb96bef71f068
	at java.base/jdk.internal.reflect.DirectConstructorHandleAccessor.newInstance(DirectConstructorHandleAccessor.java:62)
	at java.base/java.lang.reflect.Constructor.newInstanceWithCaller(Constructor.java:502)
	at java.base/java.lang.reflect.Constructor.newInstance(Constructor.java:486)
	at org.openqa.selenium.remote.ErrorCodec.decode(ErrorCodec.java:167)
	at org.openqa.selenium.remote.codec.w3c.W3CHttpResponseCodec.decode(W3CHttpResponseCodec.java:138)
	at org.openqa.selenium.remote.codec.w3c.W3CHttpResponseCodec.decode(W3CHttpResponseCodec.java:50)
	at org.openqa.selenium.remote.HttpCommandExecutor.execute(HttpCommandExecutor.java:215)
	at org.openqa.selenium.remote.service.DriverCommandExecutor.invokeExecute(DriverCommandExecutor.java:216)
	at org.openqa.selenium.remote.service.DriverCommandExecutor.execute(DriverCommandExecutor.java:174)
	at org.openqa.selenium.remote.RemoteWebDriver.execute(RemoteWebDriver.java:544)
	at org.openqa.selenium.remote.RemoteWebElement.execute(RemoteWebElement.java:223)
	at org.openqa.selenium.remote.RemoteWebElement.click(RemoteWebElement.java:76)
	at java.base/jdk.internal.reflect.DirectMethodHandleAccessor.invoke(DirectMethodHandleAccessor.java:103)
	at java.base/java.lang.reflect.Method.invoke(Method.java:580)
	at org.openqa.selenium.support.pagefactory.internal.LocatingElementHandler.invoke(LocatingElementHandler.java:51)
	at jdk.proxy2/jdk.proxy2.$Proxy28.click(Unknown Source)
	at com.demoqa.pages.HomePage.clickOnElements(HomePage.java:35)
	at com.demoqa.tests.elements.TextBoxPageTest.setUpPage(TextBoxPageTest.java:12)
	at java.base/jdk.internal.reflect.DirectMethodHandleAccessor.invoke(DirectMethodHandleAccessor.java:103)
	at java.base/java.lang.reflect.Method.invoke(Method.java:580)
	at org.testng.internal.invokers.MethodInvocationHelper.invokeMethod(MethodInvocationHelper.java:141)
	at org.testng.internal.invokers.MethodInvocationHelper.invokeMethodConsideringTimeout(MethodInvocationHelper.java:71)
	at org.testng.internal.invokers.ConfigInvoker.invokeConfigurationMethod(ConfigInvoker.java:400)
	at org.testng.internal.invokers.ConfigInvoker.invokeConfigurations(ConfigInvoker.java:333)
	at org.testng.internal.invokers.TestInvoker.runConfigMethods(TestInvoker.java:836)
	at org.testng.internal.invokers.TestInvoker.invokeMethod(TestInvoker.java:601)
	at org.testng.internal.invokers.TestInvoker.invokeTestMethod(TestInvoker.java:230)
	at org.testng.internal.invokers.MethodRunner.runInSequence(MethodRunner.java:63)
	at org.testng.internal.invokers.TestInvoker$MethodInvocationAgent.invoke(TestInvoker.java:995)
	at org.testng.internal.invokers.TestInvoker.invokeTestMethods(TestInvoker.java:203)
	at org.testng.internal.invokers.TestMethodWorker.invokeTestMethods(TestMethodWorker.java:154)
	at org.testng.internal.invokers.TestMethodWorker.run(TestMethodWorker.java:134)
	at java.base/java.util.ArrayList.forEach(ArrayList.java:1596)
	at org.testng.TestRunner.privateRun(TestRunner.java:741)
	at org.testng.TestRunner.run(TestRunner.java:616)
	at org.testng.SuiteRunner.runTest(SuiteRunner.java:421)
	at org.testng.SuiteRunner$SuiteWorker.run(SuiteRunner.java:463)
	at org.testng.internal.thread.ThreadUtil.lambda$execute$0(ThreadUtil.java:64)
	at java.base/java.util.concurrent.FutureTask.run(FutureTask.java:317)
	at java.base/java.util.concurrent.ThreadPoolExecutor.runWorker(ThreadPoolExecutor.java:1144)
	at java.base/java.util.concurrent.ThreadPoolExecutor$Worker.run(ThreadPoolExecutor.java:642)
	at java.base/java.lang.Thread.run(Thread.java:1583)
=2025-10-16 20:33:21 [TestNG-tests-1] INFO  - Started Test: TextBoxPageTest => testTextBox
=2025-10-16 20:33:21 [TestNG-tests-1] INFO  - Test Skipped: TextBoxPageTest => testTextBox
=2025-10-16 20:33:21 [TestNG-tests-1] INFO  - Closing the browser - Chrome
=2025-10-16 20:33:22 [TestNG-tests-1] INFO  - Opening the browser - Chrome
=2025-10-16 20:33:28 [TestNG-tests-1] ERROR - Failed to click on elements.
org.openqa.selenium.ElementClickInterceptedException: element click intercepted: Element <h5>...</h5> is not clickable at point (194, 433). Other element would receive the click: <iframe frameborder="0" src="https://70b667e33229b0d84d1bd9ab846e9300.safeframe.googlesyndication.com/safeframe/1-0-45/html/container.html" id="google_ads_iframe_/21849154601,22343295815/Ad.Plus-Anchor_0" title="3rd party ad content" name="" scrolling="no" marginwidth="0" marginheight="0" width="728" height="90" data-is-safeframe="true" sandbox="allow-forms allow-popups allow-popups-to-escape-sandbox allow-same-origin allow-scripts allow-top-navigation-by-user-activation" allow="private-state-token-redemption;attribution-reporting" aria-label="Advertisement" tabindex="0" data-google-container-id="1" style="border: 0px; vertical-align: bottom;" data-load-complete="true"></iframe>
  (Session info: chrome=141.0.7390.77)
Build info: version: '4.34.0', revision: '707dcb4246*'
System info: os.name: 'Windows 11', os.arch: 'amd64', os.version: '10.0', java.version: '21.0.6'
Driver info: org.openqa.selenium.chrome.ChromeDriver
Command: [d4d7e3d19969d9411e2add9f460d7d59, clickElement {id=f.3E2AECB1EA0A43F3B9A310869632BE01.d.C6DD17DD3F02529468A9706609221B8E.e.16}]
Capabilities {acceptInsecureCerts: false, browserName: chrome, browserVersion: 141.0.7390.77, chrome: {chromedriverVersion: 141.0.7390.78 (2b53b0e231fc..., userDataDir: C:\Users\nurul\AppData\Loca...}, fedcm:accounts: true, goog:chromeOptions: {debuggerAddress: localhost:53758}, networkConnectionEnabled: false, pageLoadStrategy: normal, platformName: windows, proxy: Proxy(), se:cdp: ws://localhost:53758/devtoo..., se:cdpVersion: 141.0.7390.77, setWindowRect: true, strictFileInteractability: false, timeouts: {implicit: 0, pageLoad: 300000, script: 30000}, unhandledPromptBehavior: dismiss and notify, webauthn:extension:credBlob: true, webauthn:extension:largeBlob: true, webauthn:extension:minPinLength: true, webauthn:extension:prf: true, webauthn:virtualAuthenticators: true}
Element: [[ChromeDriver: chrome on windows (d4d7e3d19969d9411e2add9f460d7d59)] -> xpath: //div[@class='card-body']//h5[text()='Elements']]
Session ID: d4d7e3d19969d9411e2add9f460d7d59
	at java.base/jdk.internal.reflect.DirectConstructorHandleAccessor.newInstance(DirectConstructorHandleAccessor.java:62)
	at java.base/java.lang.reflect.Constructor.newInstanceWithCaller(Constructor.java:502)
	at java.base/java.lang.reflect.Constructor.newInstance(Constructor.java:486)
	at org.openqa.selenium.remote.ErrorCodec.decode(ErrorCodec.java:167)
	at org.openqa.selenium.remote.codec.w3c.W3CHttpResponseCodec.decode(W3CHttpResponseCodec.java:138)
	at org.openqa.selenium.remote.codec.w3c.W3CHttpResponseCodec.decode(W3CHttpResponseCodec.java:50)
	at org.openqa.selenium.remote.HttpCommandExecutor.execute(HttpCommandExecutor.java:215)
	at org.openqa.selenium.remote.service.DriverCommandExecutor.invokeExecute(DriverCommandExecutor.java:216)
	at org.openqa.selenium.remote.service.DriverCommandExecutor.execute(DriverCommandExecutor.java:174)
	at org.openqa.selenium.remote.RemoteWebDriver.execute(RemoteWebDriver.java:544)
	at org.openqa.selenium.remote.RemoteWebElement.execute(RemoteWebElement.java:223)
	at org.openqa.selenium.remote.RemoteWebElement.click(RemoteWebElement.java:76)
	at java.base/jdk.internal.reflect.DirectMethodHandleAccessor.invoke(DirectMethodHandleAccessor.java:103)
	at java.base/java.lang.reflect.Method.invoke(Method.java:580)
	at org.openqa.selenium.support.pagefactory.internal.LocatingElementHandler.invoke(LocatingElementHandler.java:51)
	at jdk.proxy2/jdk.proxy2.$Proxy28.click(Unknown Source)
	at com.demoqa.pages.HomePage.clickOnElements(HomePage.java:35)
	at com.demoqa.tests.elements.WebTablesPageTest.setUpPage(WebTablesPageTest.java:13)
	at java.base/jdk.internal.reflect.DirectMethodHandleAccessor.invoke(DirectMethodHandleAccessor.java:103)
	at java.base/java.lang.reflect.Method.invoke(Method.java:580)
	at org.testng.internal.invokers.MethodInvocationHelper.invokeMethod(MethodInvocationHelper.java:141)
	at org.testng.internal.invokers.MethodInvocationHelper.invokeMethodConsideringTimeout(MethodInvocationHelper.java:71)
	at org.testng.internal.invokers.ConfigInvoker.invokeConfigurationMethod(ConfigInvoker.java:400)
	at org.testng.internal.invokers.ConfigInvoker.invokeConfigurations(ConfigInvoker.java:333)
	at org.testng.internal.invokers.TestInvoker.runConfigMethods(TestInvoker.java:836)
	at org.testng.internal.invokers.TestInvoker.invokeMethod(TestInvoker.java:601)
	at org.testng.internal.invokers.TestInvoker.invokeTestMethod(TestInvoker.java:230)
	at org.testng.internal.invokers.MethodRunner.runInSequence(MethodRunner.java:63)
	at org.testng.internal.invokers.TestInvoker$MethodInvocationAgent.invoke(TestInvoker.java:995)
	at org.testng.internal.invokers.TestInvoker.invokeTestMethods(TestInvoker.java:203)
	at org.testng.internal.invokers.TestMethodWorker.invokeTestMethods(TestMethodWorker.java:154)
	at org.testng.internal.invokers.TestMethodWorker.run(TestMethodWorker.java:134)
	at java.base/java.util.ArrayList.forEach(ArrayList.java:1596)
	at org.testng.TestRunner.privateRun(TestRunner.java:741)
	at org.testng.TestRunner.run(TestRunner.java:616)
	at org.testng.SuiteRunner.runTest(SuiteRunner.java:421)
	at org.testng.SuiteRunner$SuiteWorker.run(SuiteRunner.java:463)
	at org.testng.internal.thread.ThreadUtil.lambda$execute$0(ThreadUtil.java:64)
	at java.base/java.util.concurrent.FutureTask.run(FutureTask.java:317)
	at java.base/java.util.concurrent.ThreadPoolExecutor.runWorker(ThreadPoolExecutor.java:1144)
	at java.base/java.util.concurrent.ThreadPoolExecutor$Worker.run(ThreadPoolExecutor.java:642)
	at java.base/java.lang.Thread.run(Thread.java:1583)
=2025-10-16 20:33:28 [TestNG-tests-1] INFO  - Started Test: WebTablesPageTest => testWebTables
=2025-10-16 20:33:28 [TestNG-tests-1] INFO  - Test Skipped: WebTablesPageTest => testWebTables
=2025-10-16 20:33:29 [TestNG-tests-1] INFO  - Closing the browser - Chrome
=2025-10-16 20:33:56 [main] INFO  - Starting Execution for Test Suite => Demoqa_Sanity_Suite with Tag => sanity1
=2025-10-16 20:33:57 [TestNG-tests-1] INFO  - Starting Execution for Test=> Sanity Tests
=2025-10-16 20:33:59 [TestNG-tests-1] INFO  - Opening the browser - Chrome
=2025-10-16 20:34:05 [TestNG-tests-1] INFO  - Clicked on elements.
=2025-10-16 20:34:05 [TestNG-tests-1] INFO  - Started Test: CheckBoxPageTest => testCheckBox
=2025-10-16 20:34:05 [TestNG-tests-1] INFO  - Clicked on checkbox menu!
=2025-10-16 20:34:05 [TestNG-tests-1] INFO  - Clicked on checkbox Home!
=2025-10-16 20:34:07 [TestNG-tests-1] INFO  - Test Successful: CheckBoxPageTest => testCheckBox
=2025-10-16 20:34:08 [TestNG-tests-1] INFO  - Closing the browser - Chrome
=2025-10-16 20:34:09 [TestNG-tests-1] INFO  - Opening the browser - Chrome
=2025-10-16 20:34:14 [TestNG-tests-1] INFO  - Clicked on elements.
=2025-10-16 20:34:14 [TestNG-tests-1] INFO  - Started Test: RadioButtonPageTest => testRadioButton
=2025-10-16 20:34:15 [TestNG-tests-1] INFO  - Clicked on radio menu!
=2025-10-16 20:34:15 [TestNG-tests-1] INFO  - Clicked on radio button!
=2025-10-16 20:34:15 [TestNG-tests-1] INFO  - Test Successful: RadioButtonPageTest => testRadioButton
=2025-10-16 20:34:15 [TestNG-tests-1] INFO  - Closing the browser - Chrome
=2025-10-16 20:34:17 [TestNG-tests-1] INFO  - Opening the browser - Chrome
=2025-10-16 20:34:26 [TestNG-tests-1] INFO  - Clicked on elements.
=2025-10-16 20:34:26 [TestNG-tests-1] INFO  - Started Test: TextBoxPageTest => testTextBox
=2025-10-16 20:34:27 [TestNG-tests-1] INFO  - Clicked on text box menu.
=2025-10-16 20:34:27 [TestNG-tests-1] INFO  - Enter a username: Nurul Arifin
=2025-10-16 20:34:32 [TestNG-tests-1] INFO  - Enter a email: arifin@gmail.com
=2025-10-16 20:34:32 [TestNG-tests-1] INFO  - Enter a current address: Dsn. Ujung Blang, Ajee pagar air.
=2025-10-16 20:34:32 [TestNG-tests-1] INFO  - Enter a permanent address: Jl. Kapten Yusuf No. 16
=2025-10-16 20:34:32 [TestNG-tests-1] INFO  - Clicked on submit button.
=2025-10-16 20:34:33 [TestNG-tests-1] INFO  - Test Successful: TextBoxPageTest => testTextBox
=2025-10-16 20:34:33 [TestNG-tests-1] INFO  - Closing the browser - Chrome
=2025-10-16 20:34:34 [TestNG-tests-1] INFO  - Opening the browser - Chrome
=2025-10-16 20:34:40 [TestNG-tests-1] INFO  - Clicked on elements.
=2025-10-16 20:34:40 [TestNG-tests-1] INFO  - Started Test: WebTablesPageTest => testWebTables
=2025-10-16 20:34:40 [TestNG-tests-1] INFO  - Clicked on the menu!
=2025-10-16 20:34:42 [TestNG-tests-1] INFO  - Clicked on Add button!
=2025-10-16 20:34:42 [TestNG-tests-1] INFO  - Enter first name: Nurul
=2025-10-16 20:34:43 [TestNG-tests-1] INFO  - Enter last name: Arifin
=2025-10-16 20:34:43 [TestNG-tests-1] INFO  - Enter user email: arifin@gmail.com
=2025-10-16 20:34:43 [TestNG-tests-1] INFO  - Enter age: 27
=2025-10-16 20:34:43 [TestNG-tests-1] INFO  - Enter salary: 7000000
=2025-10-16 20:34:44 [TestNG-tests-1] INFO  - Enter department: QA
=2025-10-16 20:34:44 [TestNG-tests-1] INFO  - Clicked on submit button!
=2025-10-16 20:34:44 [TestNG-tests-1] INFO  - Clicked on edit button!
=2025-10-16 20:34:44 [TestNG-tests-1] INFO  - Enter last name: Aripon
=2025-10-16 20:34:45 [TestNG-tests-1] INFO  - Enter user email: aripon@gmail.com
=2025-10-16 20:34:45 [TestNG-tests-1] INFO  - Clicked on submit button!
=2025-10-16 20:34:45 [TestNG-tests-1] INFO  - Clicked on delete button!
=2025-10-16 20:34:45 [TestNG-tests-1] INFO  - Test Successful: WebTablesPageTest => testWebTables
=2025-10-16 20:34:46 [TestNG-tests-1] INFO  - Closing the browser - Chrome
=2025-10-16 21:15:51 [main] INFO  - Starting Execution for Test Suite => Demoqa_Sanity_Suite with Tag => sanity1
=2025-10-16 21:15:51 [TestNG-tests-1] INFO  - Starting Execution for Test=> Sanity Tests
=2025-10-16 21:15:53 [TestNG-tests-1] INFO  - Opening the browser - Chrome
=2025-10-16 21:16:30 [TestNG-tests-1] ERROR - Failed to click on elements.
org.openqa.selenium.ElementClickInterceptedException: element click intercepted: Element <h5>...</h5> is not clickable at point (194, 433). Other element would receive the click: <iframe frameborder="0" src="https://46d613afe32bc7ceaaa184f38f2fc015.safeframe.googlesyndication.com/safeframe/1-0-45/html/container.html" id="google_ads_iframe_/21849154601,22343295815/Ad.Plus-Anchor_0" title="3rd party ad content" name="" scrolling="no" marginwidth="0" marginheight="0" width="728" height="90" data-is-safeframe="true" sandbox="allow-forms allow-popups allow-popups-to-escape-sandbox allow-same-origin allow-scripts allow-top-navigation-by-user-activation" allow="private-state-token-redemption;attribution-reporting" aria-label="Advertisement" tabindex="0" data-google-container-id="1" style="border: 0px; vertical-align: bottom;" data-load-complete="true"></iframe>
  (Session info: chrome=141.0.7390.77)
Build info: version: '4.34.0', revision: '707dcb4246*'
System info: os.name: 'Windows 11', os.arch: 'amd64', os.version: '10.0', java.version: '21.0.6'
Driver info: org.openqa.selenium.chrome.ChromeDriver
Command: [798cfafdaf92a80ba11f28d832c37855, clickElement {id=f.45D18F0D9643AF6CC81EDEF9ED61E4A5.d.304DA5AC7E351F33D45E14707F7ACADF.e.16}]
Capabilities {acceptInsecureCerts: false, browserName: chrome, browserVersion: 141.0.7390.77, chrome: {chromedriverVersion: 141.0.7390.78 (2b53b0e231fc..., userDataDir: C:\Users\nurul\AppData\Loca...}, fedcm:accounts: true, goog:chromeOptions: {debuggerAddress: localhost:56556}, networkConnectionEnabled: false, pageLoadStrategy: normal, platformName: windows, proxy: Proxy(), se:cdp: ws://localhost:56556/devtoo..., se:cdpVersion: 141.0.7390.77, setWindowRect: true, strictFileInteractability: false, timeouts: {implicit: 0, pageLoad: 300000, script: 30000}, unhandledPromptBehavior: dismiss and notify, webauthn:extension:credBlob: true, webauthn:extension:largeBlob: true, webauthn:extension:minPinLength: true, webauthn:extension:prf: true, webauthn:virtualAuthenticators: true}
Element: [[ChromeDriver: chrome on windows (798cfafdaf92a80ba11f28d832c37855)] -> xpath: //div[@class='card-body']//h5[text()='Elements']]
Session ID: 798cfafdaf92a80ba11f28d832c37855
	at java.base/jdk.internal.reflect.DirectConstructorHandleAccessor.newInstance(DirectConstructorHandleAccessor.java:62)
	at java.base/java.lang.reflect.Constructor.newInstanceWithCaller(Constructor.java:502)
	at java.base/java.lang.reflect.Constructor.newInstance(Constructor.java:486)
	at org.openqa.selenium.remote.ErrorCodec.decode(ErrorCodec.java:167)
	at org.openqa.selenium.remote.codec.w3c.W3CHttpResponseCodec.decode(W3CHttpResponseCodec.java:138)
	at org.openqa.selenium.remote.codec.w3c.W3CHttpResponseCodec.decode(W3CHttpResponseCodec.java:50)
	at org.openqa.selenium.remote.HttpCommandExecutor.execute(HttpCommandExecutor.java:215)
	at org.openqa.selenium.remote.service.DriverCommandExecutor.invokeExecute(DriverCommandExecutor.java:216)
	at org.openqa.selenium.remote.service.DriverCommandExecutor.execute(DriverCommandExecutor.java:174)
	at org.openqa.selenium.remote.RemoteWebDriver.execute(RemoteWebDriver.java:544)
	at org.openqa.selenium.remote.RemoteWebElement.execute(RemoteWebElement.java:223)
	at org.openqa.selenium.remote.RemoteWebElement.click(RemoteWebElement.java:76)
	at java.base/jdk.internal.reflect.DirectMethodHandleAccessor.invoke(DirectMethodHandleAccessor.java:103)
	at java.base/java.lang.reflect.Method.invoke(Method.java:580)
	at org.openqa.selenium.support.pagefactory.internal.LocatingElementHandler.invoke(LocatingElementHandler.java:51)
	at jdk.proxy2/jdk.proxy2.$Proxy28.click(Unknown Source)
	at com.demoqa.pages.HomePage.clickOnElements(HomePage.java:35)
	at com.demoqa.tests.elements.CheckBoxPageTest.setUpPage(CheckBoxPageTest.java:12)
	at java.base/jdk.internal.reflect.DirectMethodHandleAccessor.invoke(DirectMethodHandleAccessor.java:103)
	at java.base/java.lang.reflect.Method.invoke(Method.java:580)
	at org.testng.internal.invokers.MethodInvocationHelper.invokeMethod(MethodInvocationHelper.java:141)
	at org.testng.internal.invokers.MethodInvocationHelper.invokeMethodConsideringTimeout(MethodInvocationHelper.java:71)
	at org.testng.internal.invokers.ConfigInvoker.invokeConfigurationMethod(ConfigInvoker.java:400)
	at org.testng.internal.invokers.ConfigInvoker.invokeConfigurations(ConfigInvoker.java:333)
	at org.testng.internal.invokers.TestInvoker.runConfigMethods(TestInvoker.java:836)
	at org.testng.internal.invokers.TestInvoker.invokeMethod(TestInvoker.java:601)
	at org.testng.internal.invokers.TestInvoker.invokeTestMethod(TestInvoker.java:230)
	at org.testng.internal.invokers.MethodRunner.runInSequence(MethodRunner.java:63)
	at org.testng.internal.invokers.TestInvoker$MethodInvocationAgent.invoke(TestInvoker.java:995)
	at org.testng.internal.invokers.TestInvoker.invokeTestMethods(TestInvoker.java:203)
	at org.testng.internal.invokers.TestMethodWorker.invokeTestMethods(TestMethodWorker.java:154)
	at org.testng.internal.invokers.TestMethodWorker.run(TestMethodWorker.java:134)
	at java.base/java.util.ArrayList.forEach(ArrayList.java:1596)
	at org.testng.TestRunner.privateRun(TestRunner.java:741)
	at org.testng.TestRunner.run(TestRunner.java:616)
	at org.testng.SuiteRunner.runTest(SuiteRunner.java:421)
	at org.testng.SuiteRunner$SuiteWorker.run(SuiteRunner.java:463)
	at org.testng.internal.thread.ThreadUtil.lambda$execute$0(ThreadUtil.java:64)
	at java.base/java.util.concurrent.FutureTask.run(FutureTask.java:317)
	at java.base/java.util.concurrent.ThreadPoolExecutor.runWorker(ThreadPoolExecutor.java:1144)
	at java.base/java.util.concurrent.ThreadPoolExecutor$Worker.run(ThreadPoolExecutor.java:642)
	at java.base/java.lang.Thread.run(Thread.java:1583)
=2025-10-16 21:16:30 [TestNG-tests-1] INFO  - Started Test: CheckBoxPageTest => testCheckBox
=2025-10-16 21:16:31 [TestNG-tests-1] INFO  - Test Skipped: CheckBoxPageTest => testCheckBox
=2025-10-16 21:16:31 [TestNG-tests-1] INFO  - Closing the browser - Chrome
=2025-10-16 21:16:32 [TestNG-tests-1] INFO  - Opening the browser - Chrome
=2025-10-16 21:17:04 [TestNG-tests-1] ERROR - Failed to click on elements.
org.openqa.selenium.ElementClickInterceptedException: element click intercepted: Element <h5>...</h5> is not clickable at point (194, 433). Other element would receive the click: <iframe frameborder="0" src="https://973896895c2a47b9ff99bf761a85044c.safeframe.googlesyndication.com/safeframe/1-0-45/html/container.html" id="google_ads_iframe_/21849154601,22343295815/Ad.Plus-Anchor_0" title="3rd party ad content" name="" scrolling="no" marginwidth="0" marginheight="0" width="728" height="90" data-is-safeframe="true" sandbox="allow-forms allow-popups allow-popups-to-escape-sandbox allow-same-origin allow-scripts allow-top-navigation-by-user-activation" allow="private-state-token-redemption;attribution-reporting" aria-label="Advertisement" tabindex="0" data-google-container-id="1" style="border: 0px; vertical-align: bottom;" data-load-complete="true"></iframe>
  (Session info: chrome=141.0.7390.77)
Build info: version: '4.34.0', revision: '707dcb4246*'
System info: os.name: 'Windows 11', os.arch: 'amd64', os.version: '10.0', java.version: '21.0.6'
Driver info: org.openqa.selenium.chrome.ChromeDriver
Command: [a394ff8ca5de42610ba271a3bf2bdd45, clickElement {id=f.2E08678EC0F7A32D1493A7AA8969AAE9.d.2227FD7DC8F952EF7EF8A04AAF1C076C.e.16}]
Capabilities {acceptInsecureCerts: false, browserName: chrome, browserVersion: 141.0.7390.77, chrome: {chromedriverVersion: 141.0.7390.78 (2b53b0e231fc..., userDataDir: C:\Users\nurul\AppData\Loca...}, fedcm:accounts: true, goog:chromeOptions: {debuggerAddress: localhost:49270}, networkConnectionEnabled: false, pageLoadStrategy: normal, platformName: windows, proxy: Proxy(), se:cdp: ws://localhost:49270/devtoo..., se:cdpVersion: 141.0.7390.77, setWindowRect: true, strictFileInteractability: false, timeouts: {implicit: 0, pageLoad: 300000, script: 30000}, unhandledPromptBehavior: dismiss and notify, webauthn:extension:credBlob: true, webauthn:extension:largeBlob: true, webauthn:extension:minPinLength: true, webauthn:extension:prf: true, webauthn:virtualAuthenticators: true}
Element: [[ChromeDriver: chrome on windows (a394ff8ca5de42610ba271a3bf2bdd45)] -> xpath: //div[@class='card-body']//h5[text()='Elements']]
Session ID: a394ff8ca5de42610ba271a3bf2bdd45
	at java.base/jdk.internal.reflect.DirectConstructorHandleAccessor.newInstance(DirectConstructorHandleAccessor.java:62)
	at java.base/java.lang.reflect.Constructor.newInstanceWithCaller(Constructor.java:502)
	at java.base/java.lang.reflect.Constructor.newInstance(Constructor.java:486)
	at org.openqa.selenium.remote.ErrorCodec.decode(ErrorCodec.java:167)
	at org.openqa.selenium.remote.codec.w3c.W3CHttpResponseCodec.decode(W3CHttpResponseCodec.java:138)
	at org.openqa.selenium.remote.codec.w3c.W3CHttpResponseCodec.decode(W3CHttpResponseCodec.java:50)
	at org.openqa.selenium.remote.HttpCommandExecutor.execute(HttpCommandExecutor.java:215)
	at org.openqa.selenium.remote.service.DriverCommandExecutor.invokeExecute(DriverCommandExecutor.java:216)
	at org.openqa.selenium.remote.service.DriverCommandExecutor.execute(DriverCommandExecutor.java:174)
	at org.openqa.selenium.remote.RemoteWebDriver.execute(RemoteWebDriver.java:544)
	at org.openqa.selenium.remote.RemoteWebElement.execute(RemoteWebElement.java:223)
	at org.openqa.selenium.remote.RemoteWebElement.click(RemoteWebElement.java:76)
	at java.base/jdk.internal.reflect.DirectMethodHandleAccessor.invoke(DirectMethodHandleAccessor.java:103)
	at java.base/java.lang.reflect.Method.invoke(Method.java:580)
	at org.openqa.selenium.support.pagefactory.internal.LocatingElementHandler.invoke(LocatingElementHandler.java:51)
	at jdk.proxy2/jdk.proxy2.$Proxy28.click(Unknown Source)
	at com.demoqa.pages.HomePage.clickOnElements(HomePage.java:35)
	at com.demoqa.tests.elements.RadioButtonPageTest.testSetUp(RadioButtonPageTest.java:12)
	at java.base/jdk.internal.reflect.DirectMethodHandleAccessor.invoke(DirectMethodHandleAccessor.java:103)
	at java.base/java.lang.reflect.Method.invoke(Method.java:580)
	at org.testng.internal.invokers.MethodInvocationHelper.invokeMethod(MethodInvocationHelper.java:141)
	at org.testng.internal.invokers.MethodInvocationHelper.invokeMethodConsideringTimeout(MethodInvocationHelper.java:71)
	at org.testng.internal.invokers.ConfigInvoker.invokeConfigurationMethod(ConfigInvoker.java:400)
	at org.testng.internal.invokers.ConfigInvoker.invokeConfigurations(ConfigInvoker.java:333)
	at org.testng.internal.invokers.TestInvoker.runConfigMethods(TestInvoker.java:836)
	at org.testng.internal.invokers.TestInvoker.invokeMethod(TestInvoker.java:601)
	at org.testng.internal.invokers.TestInvoker.invokeTestMethod(TestInvoker.java:230)
	at org.testng.internal.invokers.MethodRunner.runInSequence(MethodRunner.java:63)
	at org.testng.internal.invokers.TestInvoker$MethodInvocationAgent.invoke(TestInvoker.java:995)
	at org.testng.internal.invokers.TestInvoker.invokeTestMethods(TestInvoker.java:203)
	at org.testng.internal.invokers.TestMethodWorker.invokeTestMethods(TestMethodWorker.java:154)
	at org.testng.internal.invokers.TestMethodWorker.run(TestMethodWorker.java:134)
	at java.base/java.util.ArrayList.forEach(ArrayList.java:1596)
	at org.testng.TestRunner.privateRun(TestRunner.java:741)
	at org.testng.TestRunner.run(TestRunner.java:616)
	at org.testng.SuiteRunner.runTest(SuiteRunner.java:421)
	at org.testng.SuiteRunner$SuiteWorker.run(SuiteRunner.java:463)
	at org.testng.internal.thread.ThreadUtil.lambda$execute$0(ThreadUtil.java:64)
	at java.base/java.util.concurrent.FutureTask.run(FutureTask.java:317)
	at java.base/java.util.concurrent.ThreadPoolExecutor.runWorker(ThreadPoolExecutor.java:1144)
	at java.base/java.util.concurrent.ThreadPoolExecutor$Worker.run(ThreadPoolExecutor.java:642)
	at java.base/java.lang.Thread.run(Thread.java:1583)
=2025-10-16 21:17:04 [TestNG-tests-1] INFO  - Started Test: RadioButtonPageTest => testRadioButton
=2025-10-16 21:17:04 [TestNG-tests-1] INFO  - Test Skipped: RadioButtonPageTest => testRadioButton
=2025-10-16 21:17:05 [TestNG-tests-1] INFO  - Closing the browser - Chrome
=2025-10-16 21:17:08 [TestNG-tests-1] INFO  - Opening the browser - Chrome
=2025-10-16 21:17:39 [TestNG-tests-1] ERROR - Failed to click on elements.
org.openqa.selenium.ElementClickInterceptedException: element click intercepted: Element <h5>...</h5> is not clickable at point (194, 433). Other element would receive the click: <iframe frameborder="0" src="https://616af2d5e254e15d5270542ce45f4f8e.safeframe.googlesyndication.com/safeframe/1-0-45/html/container.html" id="google_ads_iframe_/21849154601,22343295815/Ad.Plus-Anchor_0" title="3rd party ad content" name="" scrolling="no" marginwidth="0" marginheight="0" width="728" height="90" data-is-safeframe="true" sandbox="allow-forms allow-popups allow-popups-to-escape-sandbox allow-same-origin allow-scripts allow-top-navigation-by-user-activation" allow="private-state-token-redemption;attribution-reporting" aria-label="Advertisement" tabindex="0" data-google-container-id="1" style="border: 0px; vertical-align: bottom;" data-load-complete="true"></iframe>
  (Session info: chrome=141.0.7390.77)
Build info: version: '4.34.0', revision: '707dcb4246*'
System info: os.name: 'Windows 11', os.arch: 'amd64', os.version: '10.0', java.version: '21.0.6'
Driver info: org.openqa.selenium.chrome.ChromeDriver
Command: [e3a5e9da677410f81037d0919019c982, clickElement {id=f.FB46D4E672981B1C7465578F67F0E619.d.5952E6E72F77D075791BE7C897DE3673.e.16}]
Capabilities {acceptInsecureCerts: false, browserName: chrome, browserVersion: 141.0.7390.77, chrome: {chromedriverVersion: 141.0.7390.78 (2b53b0e231fc..., userDataDir: C:\Users\nurul\AppData\Loca...}, fedcm:accounts: true, goog:chromeOptions: {debuggerAddress: localhost:54851}, networkConnectionEnabled: false, pageLoadStrategy: normal, platformName: windows, proxy: Proxy(), se:cdp: ws://localhost:54851/devtoo..., se:cdpVersion: 141.0.7390.77, setWindowRect: true, strictFileInteractability: false, timeouts: {implicit: 0, pageLoad: 300000, script: 30000}, unhandledPromptBehavior: dismiss and notify, webauthn:extension:credBlob: true, webauthn:extension:largeBlob: true, webauthn:extension:minPinLength: true, webauthn:extension:prf: true, webauthn:virtualAuthenticators: true}
Element: [[ChromeDriver: chrome on windows (e3a5e9da677410f81037d0919019c982)] -> xpath: //div[@class='card-body']//h5[text()='Elements']]
Session ID: e3a5e9da677410f81037d0919019c982
	at java.base/jdk.internal.reflect.DirectConstructorHandleAccessor.newInstance(DirectConstructorHandleAccessor.java:62)
	at java.base/java.lang.reflect.Constructor.newInstanceWithCaller(Constructor.java:502)
	at java.base/java.lang.reflect.Constructor.newInstance(Constructor.java:486)
	at org.openqa.selenium.remote.ErrorCodec.decode(ErrorCodec.java:167)
	at org.openqa.selenium.remote.codec.w3c.W3CHttpResponseCodec.decode(W3CHttpResponseCodec.java:138)
	at org.openqa.selenium.remote.codec.w3c.W3CHttpResponseCodec.decode(W3CHttpResponseCodec.java:50)
	at org.openqa.selenium.remote.HttpCommandExecutor.execute(HttpCommandExecutor.java:215)
	at org.openqa.selenium.remote.service.DriverCommandExecutor.invokeExecute(DriverCommandExecutor.java:216)
	at org.openqa.selenium.remote.service.DriverCommandExecutor.execute(DriverCommandExecutor.java:174)
	at org.openqa.selenium.remote.RemoteWebDriver.execute(RemoteWebDriver.java:544)
	at org.openqa.selenium.remote.RemoteWebElement.execute(RemoteWebElement.java:223)
	at org.openqa.selenium.remote.RemoteWebElement.click(RemoteWebElement.java:76)
	at java.base/jdk.internal.reflect.DirectMethodHandleAccessor.invoke(DirectMethodHandleAccessor.java:103)
	at java.base/java.lang.reflect.Method.invoke(Method.java:580)
	at org.openqa.selenium.support.pagefactory.internal.LocatingElementHandler.invoke(LocatingElementHandler.java:51)
	at jdk.proxy2/jdk.proxy2.$Proxy28.click(Unknown Source)
	at com.demoqa.pages.HomePage.clickOnElements(HomePage.java:35)
	at com.demoqa.tests.elements.TextBoxPageTest.setUpPage(TextBoxPageTest.java:12)
	at java.base/jdk.internal.reflect.DirectMethodHandleAccessor.invoke(DirectMethodHandleAccessor.java:103)
	at java.base/java.lang.reflect.Method.invoke(Method.java:580)
	at org.testng.internal.invokers.MethodInvocationHelper.invokeMethod(MethodInvocationHelper.java:141)
	at org.testng.internal.invokers.MethodInvocationHelper.invokeMethodConsideringTimeout(MethodInvocationHelper.java:71)
	at org.testng.internal.invokers.ConfigInvoker.invokeConfigurationMethod(ConfigInvoker.java:400)
	at org.testng.internal.invokers.ConfigInvoker.invokeConfigurations(ConfigInvoker.java:333)
	at org.testng.internal.invokers.TestInvoker.runConfigMethods(TestInvoker.java:836)
	at org.testng.internal.invokers.TestInvoker.invokeMethod(TestInvoker.java:601)
	at org.testng.internal.invokers.TestInvoker.invokeTestMethod(TestInvoker.java:230)
	at org.testng.internal.invokers.MethodRunner.runInSequence(MethodRunner.java:63)
	at org.testng.internal.invokers.TestInvoker$MethodInvocationAgent.invoke(TestInvoker.java:995)
	at org.testng.internal.invokers.TestInvoker.invokeTestMethods(TestInvoker.java:203)
	at org.testng.internal.invokers.TestMethodWorker.invokeTestMethods(TestMethodWorker.java:154)
	at org.testng.internal.invokers.TestMethodWorker.run(TestMethodWorker.java:134)
	at java.base/java.util.ArrayList.forEach(ArrayList.java:1596)
	at org.testng.TestRunner.privateRun(TestRunner.java:741)
	at org.testng.TestRunner.run(TestRunner.java:616)
	at org.testng.SuiteRunner.runTest(SuiteRunner.java:421)
	at org.testng.SuiteRunner$SuiteWorker.run(SuiteRunner.java:463)
	at org.testng.internal.thread.ThreadUtil.lambda$execute$0(ThreadUtil.java:64)
	at java.base/java.util.concurrent.FutureTask.run(FutureTask.java:317)
	at java.base/java.util.concurrent.ThreadPoolExecutor.runWorker(ThreadPoolExecutor.java:1144)
	at java.base/java.util.concurrent.ThreadPoolExecutor$Worker.run(ThreadPoolExecutor.java:642)
	at java.base/java.lang.Thread.run(Thread.java:1583)
=2025-10-16 21:17:39 [TestNG-tests-1] INFO  - Started Test: TextBoxPageTest => testTextBox
=2025-10-16 21:17:39 [TestNG-tests-1] INFO  - Test Skipped: TextBoxPageTest => testTextBox
=2025-10-16 21:17:39 [TestNG-tests-1] INFO  - Closing the browser - Chrome
=2025-10-16 21:17:41 [TestNG-tests-1] INFO  - Opening the browser - Chrome
=2025-10-16 21:18:16 [TestNG-tests-1] ERROR - Failed to click on elements.
org.openqa.selenium.ElementClickInterceptedException: element click intercepted: Element <h5>...</h5> is not clickable at point (194, 433). Other element would receive the click: <iframe frameborder="0" src="https://70abfac55510cd5e6f05a4714e7aef92.safeframe.googlesyndication.com/safeframe/1-0-45/html/container.html" id="google_ads_iframe_/21849154601,22343295815/Ad.Plus-Anchor_0" title="3rd party ad content" name="" scrolling="no" marginwidth="0" marginheight="0" width="728" height="90" data-is-safeframe="true" sandbox="allow-forms allow-popups allow-popups-to-escape-sandbox allow-same-origin allow-scripts allow-top-navigation-by-user-activation" allow="private-state-token-redemption;attribution-reporting" aria-label="Advertisement" tabindex="0" data-google-container-id="1" style="border: 0px; vertical-align: bottom;" data-load-complete="true"></iframe>
  (Session info: chrome=141.0.7390.77)
Build info: version: '4.34.0', revision: '707dcb4246*'
System info: os.name: 'Windows 11', os.arch: 'amd64', os.version: '10.0', java.version: '21.0.6'
Driver info: org.openqa.selenium.chrome.ChromeDriver
Command: [1cdb7df2f21544fd5a6bd873ffc7ee51, clickElement {id=f.688F76659B441B1D36BBEF0897246AB0.d.C775FEE7E9FA0DBA250FF775FC33BE3A.e.16}]
Capabilities {acceptInsecureCerts: false, browserName: chrome, browserVersion: 141.0.7390.77, chrome: {chromedriverVersion: 141.0.7390.78 (2b53b0e231fc..., userDataDir: C:\Users\nurul\AppData\Loca...}, fedcm:accounts: true, goog:chromeOptions: {debuggerAddress: localhost:55461}, networkConnectionEnabled: false, pageLoadStrategy: normal, platformName: windows, proxy: Proxy(), se:cdp: ws://localhost:55461/devtoo..., se:cdpVersion: 141.0.7390.77, setWindowRect: true, strictFileInteractability: false, timeouts: {implicit: 0, pageLoad: 300000, script: 30000}, unhandledPromptBehavior: dismiss and notify, webauthn:extension:credBlob: true, webauthn:extension:largeBlob: true, webauthn:extension:minPinLength: true, webauthn:extension:prf: true, webauthn:virtualAuthenticators: true}
Element: [[ChromeDriver: chrome on windows (1cdb7df2f21544fd5a6bd873ffc7ee51)] -> xpath: //div[@class='card-body']//h5[text()='Elements']]
Session ID: 1cdb7df2f21544fd5a6bd873ffc7ee51
	at java.base/jdk.internal.reflect.DirectConstructorHandleAccessor.newInstance(DirectConstructorHandleAccessor.java:62)
	at java.base/java.lang.reflect.Constructor.newInstanceWithCaller(Constructor.java:502)
	at java.base/java.lang.reflect.Constructor.newInstance(Constructor.java:486)
	at org.openqa.selenium.remote.ErrorCodec.decode(ErrorCodec.java:167)
	at org.openqa.selenium.remote.codec.w3c.W3CHttpResponseCodec.decode(W3CHttpResponseCodec.java:138)
	at org.openqa.selenium.remote.codec.w3c.W3CHttpResponseCodec.decode(W3CHttpResponseCodec.java:50)
	at org.openqa.selenium.remote.HttpCommandExecutor.execute(HttpCommandExecutor.java:215)
	at org.openqa.selenium.remote.service.DriverCommandExecutor.invokeExecute(DriverCommandExecutor.java:216)
	at org.openqa.selenium.remote.service.DriverCommandExecutor.execute(DriverCommandExecutor.java:174)
	at org.openqa.selenium.remote.RemoteWebDriver.execute(RemoteWebDriver.java:544)
	at org.openqa.selenium.remote.RemoteWebElement.execute(RemoteWebElement.java:223)
	at org.openqa.selenium.remote.RemoteWebElement.click(RemoteWebElement.java:76)
	at java.base/jdk.internal.reflect.DirectMethodHandleAccessor.invoke(DirectMethodHandleAccessor.java:103)
	at java.base/java.lang.reflect.Method.invoke(Method.java:580)
	at org.openqa.selenium.support.pagefactory.internal.LocatingElementHandler.invoke(LocatingElementHandler.java:51)
	at jdk.proxy2/jdk.proxy2.$Proxy28.click(Unknown Source)
	at com.demoqa.pages.HomePage.clickOnElements(HomePage.java:35)
	at com.demoqa.tests.elements.WebTablesPageTest.setUpPage(WebTablesPageTest.java:13)
	at java.base/jdk.internal.reflect.DirectMethodHandleAccessor.invoke(DirectMethodHandleAccessor.java:103)
	at java.base/java.lang.reflect.Method.invoke(Method.java:580)
	at org.testng.internal.invokers.MethodInvocationHelper.invokeMethod(MethodInvocationHelper.java:141)
	at org.testng.internal.invokers.MethodInvocationHelper.invokeMethodConsideringTimeout(MethodInvocationHelper.java:71)
	at org.testng.internal.invokers.ConfigInvoker.invokeConfigurationMethod(ConfigInvoker.java:400)
	at org.testng.internal.invokers.ConfigInvoker.invokeConfigurations(ConfigInvoker.java:333)
	at org.testng.internal.invokers.TestInvoker.runConfigMethods(TestInvoker.java:836)
	at org.testng.internal.invokers.TestInvoker.invokeMethod(TestInvoker.java:601)
	at org.testng.internal.invokers.TestInvoker.invokeTestMethod(TestInvoker.java:230)
	at org.testng.internal.invokers.MethodRunner.runInSequence(MethodRunner.java:63)
	at org.testng.internal.invokers.TestInvoker$MethodInvocationAgent.invoke(TestInvoker.java:995)
	at org.testng.internal.invokers.TestInvoker.invokeTestMethods(TestInvoker.java:203)
	at org.testng.internal.invokers.TestMethodWorker.invokeTestMethods(TestMethodWorker.java:154)
	at org.testng.internal.invokers.TestMethodWorker.run(TestMethodWorker.java:134)
	at java.base/java.util.ArrayList.forEach(ArrayList.java:1596)
	at org.testng.TestRunner.privateRun(TestRunner.java:741)
	at org.testng.TestRunner.run(TestRunner.java:616)
	at org.testng.SuiteRunner.runTest(SuiteRunner.java:421)
	at org.testng.SuiteRunner$SuiteWorker.run(SuiteRunner.java:463)
	at org.testng.internal.thread.ThreadUtil.lambda$execute$0(ThreadUtil.java:64)
	at java.base/java.util.concurrent.FutureTask.run(FutureTask.java:317)
	at java.base/java.util.concurrent.ThreadPoolExecutor.runWorker(ThreadPoolExecutor.java:1144)
	at java.base/java.util.concurrent.ThreadPoolExecutor$Worker.run(ThreadPoolExecutor.java:642)
	at java.base/java.lang.Thread.run(Thread.java:1583)
=2025-10-16 21:18:16 [TestNG-tests-1] INFO  - Started Test: WebTablesPageTest => testWebTables
=2025-10-16 21:18:16 [TestNG-tests-1] INFO  - Test Skipped: WebTablesPageTest => testWebTables
=2025-10-16 21:18:16 [TestNG-tests-1] INFO  - Closing the browser - Chrome
=2025-10-16 21:19:20 [main] INFO  - Starting Execution for Test Suite => Demoqa_Sanity_Suite with Tag => sanity1
=2025-10-16 21:19:20 [TestNG-tests-1] INFO  - Starting Execution for Test=> Sanity Tests
=2025-10-16 21:19:23 [TestNG-tests-1] INFO  - Opening the browser - Chrome
=2025-10-16 21:19:28 [TestNG-tests-1] INFO  - Clicked on elements.
=2025-10-16 21:19:28 [TestNG-tests-1] INFO  - Started Test: CheckBoxPageTest => testCheckBox
=2025-10-16 21:19:28 [TestNG-tests-1] INFO  - Clicked on checkbox menu!
=2025-10-16 21:19:29 [TestNG-tests-1] INFO  - Clicked on checkbox Home!
=2025-10-16 21:19:32 [TestNG-tests-1] INFO  - Test Successful: CheckBoxPageTest => testCheckBox
=2025-10-16 21:19:32 [TestNG-tests-1] INFO  - Closing the browser - Chrome
=2025-10-16 21:19:34 [TestNG-tests-1] INFO  - Opening the browser - Chrome
=2025-10-16 21:19:38 [TestNG-tests-1] INFO  - Clicked on elements.
=2025-10-16 21:19:38 [TestNG-tests-1] INFO  - Started Test: RadioButtonPageTest => testRadioButton
=2025-10-16 21:19:39 [TestNG-tests-1] INFO  - Clicked on radio menu!
=2025-10-16 21:19:39 [TestNG-tests-1] INFO  - Clicked on radio button!
=2025-10-16 21:19:39 [TestNG-tests-1] INFO  - Test Successful: RadioButtonPageTest => testRadioButton
=2025-10-16 21:19:40 [TestNG-tests-1] INFO  - Closing the browser - Chrome
=2025-10-16 21:19:41 [TestNG-tests-1] INFO  - Opening the browser - Chrome
=2025-10-16 21:19:48 [TestNG-tests-1] INFO  - Clicked on elements.
=2025-10-16 21:19:48 [TestNG-tests-1] INFO  - Started Test: TextBoxPageTest => testTextBox
=2025-10-16 21:19:49 [TestNG-tests-1] INFO  - Clicked on text box menu.
=2025-10-16 21:19:49 [TestNG-tests-1] INFO  - Enter a username: Nurul Arifin
=2025-10-16 21:19:50 [TestNG-tests-1] INFO  - Enter a email: arifin@gmail.com
=2025-10-16 21:19:51 [TestNG-tests-1] INFO  - Enter a current address: Dsn. Ujung Blang, Ajee pagar air.
=2025-10-16 21:19:51 [TestNG-tests-1] INFO  - Enter a permanent address: Jl. Kapten Yusuf No. 16
=2025-10-16 21:19:51 [TestNG-tests-1] INFO  - Clicked on submit button.
=2025-10-16 21:19:52 [TestNG-tests-1] INFO  - Test Successful: TextBoxPageTest => testTextBox
=2025-10-16 21:19:52 [TestNG-tests-1] INFO  - Closing the browser - Chrome
=2025-10-16 21:19:54 [TestNG-tests-1] INFO  - Opening the browser - Chrome
=2025-10-16 21:19:59 [TestNG-tests-1] INFO  - Clicked on elements.
=2025-10-16 21:19:59 [TestNG-tests-1] INFO  - Started Test: WebTablesPageTest => testWebTables
=2025-10-16 21:19:59 [TestNG-tests-1] INFO  - Clicked on the menu!
=2025-10-16 21:19:59 [TestNG-tests-1] INFO  - Clicked on Add button!
=2025-10-16 21:19:59 [TestNG-tests-1] INFO  - Enter first name: Nurul
=2025-10-16 21:20:04 [TestNG-tests-1] INFO  - Enter last name: Arifin
=2025-10-16 21:20:05 [TestNG-tests-1] INFO  - Enter user email: arifin@gmail.com
=2025-10-16 21:20:05 [TestNG-tests-1] INFO  - Enter age: 27
=2025-10-16 21:20:05 [TestNG-tests-1] INFO  - Enter salary: 7000000
=2025-10-16 21:20:05 [TestNG-tests-1] INFO  - Enter department: QA
=2025-10-16 21:20:05 [TestNG-tests-1] INFO  - Clicked on submit button!
=2025-10-16 21:20:06 [TestNG-tests-1] INFO  - Clicked on edit button!
=2025-10-16 21:20:06 [TestNG-tests-1] INFO  - Enter last name: Aripon
=2025-10-16 21:20:07 [TestNG-tests-1] INFO  - Enter user email: aripon@gmail.com
=2025-10-16 21:20:08 [TestNG-tests-1] INFO  - Clicked on submit button!
=2025-10-16 21:20:09 [TestNG-tests-1] INFO  - Clicked on delete button!
=2025-10-16 21:20:09 [TestNG-tests-1] INFO  - Test Successful: WebTablesPageTest => testWebTables
=2025-10-16 21:20:11 [TestNG-tests-1] INFO  - Closing the browser - Chrome
=2025-10-16 21:28:42 [main] INFO  - Starting Execution for Test Suite => Demoqa_Sanity_Suite with Tag => sanity1
=2025-10-16 21:28:43 [TestNG-tests-1] INFO  - Starting Execution for Test=> Sanity Tests
=2025-10-16 21:28:45 [TestNG-tests-1] INFO  - Opening the browser - Chrome
=2025-10-16 21:28:50 [TestNG-tests-1] INFO  - Clicked on elements.
=2025-10-16 21:28:50 [TestNG-tests-1] INFO  - Started Test: CheckBoxPageTest => testCheckBox
=2025-10-16 21:28:50 [TestNG-tests-1] INFO  - Clicked on checkbox menu!
=2025-10-16 21:28:50 [TestNG-tests-1] INFO  - Clicked on checkbox Home!
=2025-10-16 21:28:51 [TestNG-tests-1] INFO  - Test Successful: CheckBoxPageTest => testCheckBox
=2025-10-16 21:28:51 [TestNG-tests-1] INFO  - Closing the browser - Chrome
=2025-10-16 21:28:53 [TestNG-tests-1] INFO  - Opening the browser - Chrome
=2025-10-16 21:28:56 [TestNG-tests-1] INFO  - Clicked on elements.
=2025-10-16 21:28:56 [TestNG-tests-1] INFO  - Started Test: RadioButtonPageTest => testRadioButton
=2025-10-16 21:28:57 [TestNG-tests-1] INFO  - Clicked on radio menu!
=2025-10-16 21:28:57 [TestNG-tests-1] INFO  - Clicked on radio button!
=2025-10-16 21:28:57 [TestNG-tests-1] INFO  - Test Successful: RadioButtonPageTest => testRadioButton
=2025-10-16 21:28:57 [TestNG-tests-1] INFO  - Closing the browser - Chrome
=2025-10-16 21:28:59 [TestNG-tests-1] INFO  - Opening the browser - Chrome
=2025-10-16 21:29:04 [TestNG-tests-1] INFO  - Clicked on elements.
=2025-10-16 21:29:04 [TestNG-tests-1] INFO  - Started Test: TextBoxPageTest => testTextBox
=2025-10-16 21:29:04 [TestNG-tests-1] INFO  - Clicked on text box menu.
=2025-10-16 21:29:04 [TestNG-tests-1] INFO  - Enter a username: Nurul Arifin
=2025-10-16 21:29:04 [TestNG-tests-1] INFO  - Enter a email: arifin@gmail.com
=2025-10-16 21:29:05 [TestNG-tests-1] INFO  - Enter a current address: Dsn. Ujung Blang, Ajee pagar air.
=2025-10-16 21:29:05 [TestNG-tests-1] INFO  - Enter a permanent address: Jl. Kapten Yusuf No. 16
=2025-10-16 21:29:05 [TestNG-tests-1] INFO  - Clicked on submit button.
=2025-10-16 21:29:06 [TestNG-tests-1] INFO  - Test Successful: TextBoxPageTest => testTextBox
=2025-10-16 21:29:06 [TestNG-tests-1] INFO  - Closing the browser - Chrome
=2025-10-16 21:29:07 [TestNG-tests-1] INFO  - Opening the browser - Chrome
=2025-10-16 21:29:11 [TestNG-tests-1] INFO  - Clicked on elements.
=2025-10-16 21:29:11 [TestNG-tests-1] INFO  - Started Test: WebTablesPageTest => testWebTables
=2025-10-16 21:29:11 [TestNG-tests-1] INFO  - Clicked on the menu!
=2025-10-16 21:29:12 [TestNG-tests-1] INFO  - Clicked on Add button!
=2025-10-16 21:29:12 [TestNG-tests-1] INFO  - Enter first name: Nurul
=2025-10-16 21:29:13 [TestNG-tests-1] INFO  - Enter last name: Arifin
=2025-10-16 21:29:13 [TestNG-tests-1] INFO  - Enter user email: arifin@gmail.com
=2025-10-16 21:29:14 [TestNG-tests-1] INFO  - Enter age: 27
=2025-10-16 21:29:14 [TestNG-tests-1] INFO  - Enter salary: 7000000
=2025-10-16 21:29:14 [TestNG-tests-1] INFO  - Enter department: QA
=2025-10-16 21:29:14 [TestNG-tests-1] INFO  - Clicked on submit button!
=2025-10-16 21:29:15 [TestNG-tests-1] INFO  - Clicked on edit button!
=2025-10-16 21:29:15 [TestNG-tests-1] INFO  - Enter last name: Aripon
=2025-10-16 21:29:16 [TestNG-tests-1] INFO  - Enter user email: aripon@gmail.com
=2025-10-16 21:29:16 [TestNG-tests-1] INFO  - Clicked on submit button!
=2025-10-16 21:29:16 [TestNG-tests-1] INFO  - Clicked on delete button!
=2025-10-16 21:29:16 [TestNG-tests-1] INFO  - Test Successful: WebTablesPageTest => testWebTables
=2025-10-16 21:29:17 [TestNG-tests-1] INFO  - Closing the browser - Chrome
